{"C:\\Users\\mrb\\Desktop\\ctdd\\src\\core.ts": {"path":"C:\\Users\\mrb\\Desktop\\ctdd\\src\\core.ts","all":false,"statementMap":{"1":{"start":{"line":2,"column":0},"end":{"line":2,"column":36}},"2":{"start":{"line":3,"column":0},"end":{"line":3,"column":8}},"8":{"start":{"line":9,"column":0},"end":{"line":9,"column":29}},"9":{"start":{"line":10,"column":0},"end":{"line":10,"column":24}},"10":{"start":{"line":11,"column":0},"end":{"line":11,"column":125}},"13":{"start":{"line":14,"column":0},"end":{"line":14,"column":32}},"14":{"start":{"line":15,"column":0},"end":{"line":15,"column":37}},"15":{"start":{"line":16,"column":0},"end":{"line":16,"column":39}},"16":{"start":{"line":17,"column":0},"end":{"line":17,"column":30}},"20":{"start":{"line":21,"column":0},"end":{"line":21,"column":41}},"21":{"start":{"line":22,"column":0},"end":{"line":22,"column":28}},"22":{"start":{"line":23,"column":0},"end":{"line":23,"column":20}},"23":{"start":{"line":24,"column":0},"end":{"line":24,"column":19}},"24":{"start":{"line":25,"column":0},"end":{"line":25,"column":48}},"25":{"start":{"line":26,"column":0},"end":{"line":26,"column":47}},"26":{"start":{"line":27,"column":0},"end":{"line":27,"column":45}},"27":{"start":{"line":28,"column":0},"end":{"line":28,"column":52}},"28":{"start":{"line":29,"column":0},"end":{"line":29,"column":37}},"29":{"start":{"line":30,"column":0},"end":{"line":30,"column":3}},"31":{"start":{"line":32,"column":0},"end":{"line":32,"column":41}},"32":{"start":{"line":33,"column":0},"end":{"line":33,"column":17}},"33":{"start":{"line":34,"column":0},"end":{"line":34,"column":18}},"34":{"start":{"line":35,"column":0},"end":{"line":35,"column":3}},"36":{"start":{"line":37,"column":0},"end":{"line":37,"column":35}},"37":{"start":{"line":38,"column":0},"end":{"line":38,"column":17}},"38":{"start":{"line":39,"column":0},"end":{"line":39,"column":19}},"39":{"start":{"line":40,"column":0},"end":{"line":40,"column":42}},"40":{"start":{"line":41,"column":0},"end":{"line":41,"column":3}},"42":{"start":{"line":43,"column":0},"end":{"line":43,"column":36}},"43":{"start":{"line":44,"column":0},"end":{"line":44,"column":30}},"44":{"start":{"line":45,"column":0},"end":{"line":45,"column":39}},"45":{"start":{"line":46,"column":0},"end":{"line":46,"column":26}},"46":{"start":{"line":47,"column":0},"end":{"line":47,"column":3}},"49":{"start":{"line":50,"column":0},"end":{"line":50,"column":38}},"51":{"start":{"line":52,"column":0},"end":{"line":52,"column":45}},"52":{"start":{"line":53,"column":0},"end":{"line":53,"column":57}},"53":{"start":{"line":54,"column":0},"end":{"line":54,"column":30}},"54":{"start":{"line":55,"column":0},"end":{"line":55,"column":39}},"55":{"start":{"line":56,"column":0},"end":{"line":56,"column":26}},"56":{"start":{"line":57,"column":0},"end":{"line":57,"column":3}},"63":{"start":{"line":64,"column":0},"end":{"line":64,"column":43}},"64":{"start":{"line":65,"column":0},"end":{"line":65,"column":24}},"65":{"start":{"line":66,"column":0},"end":{"line":66,"column":15}},"66":{"start":{"line":67,"column":0},"end":{"line":67,"column":11}},"67":{"start":{"line":68,"column":0},"end":{"line":68,"column":16}},"68":{"start":{"line":69,"column":0},"end":{"line":69,"column":23}},"69":{"start":{"line":70,"column":0},"end":{"line":70,"column":41}},"70":{"start":{"line":71,"column":0},"end":{"line":71,"column":35}},"71":{"start":{"line":72,"column":0},"end":{"line":72,"column":8}},"72":{"start":{"line":73,"column":0},"end":{"line":73,"column":5}},"73":{"start":{"line":74,"column":0},"end":{"line":74,"column":17}},"74":{"start":{"line":75,"column":0},"end":{"line":75,"column":47}},"75":{"start":{"line":76,"column":0},"end":{"line":76,"column":24}},"76":{"start":{"line":77,"column":0},"end":{"line":77,"column":41}},"77":{"start":{"line":78,"column":0},"end":{"line":78,"column":44}},"78":{"start":{"line":79,"column":0},"end":{"line":79,"column":3}},"80":{"start":{"line":81,"column":0},"end":{"line":81,"column":44}},"81":{"start":{"line":82,"column":0},"end":{"line":82,"column":24}},"82":{"start":{"line":83,"column":0},"end":{"line":83,"column":15}},"83":{"start":{"line":84,"column":0},"end":{"line":84,"column":11}},"84":{"start":{"line":85,"column":0},"end":{"line":85,"column":16}},"85":{"start":{"line":86,"column":0},"end":{"line":86,"column":23}},"86":{"start":{"line":87,"column":0},"end":{"line":87,"column":49}},"87":{"start":{"line":88,"column":0},"end":{"line":88,"column":39}},"88":{"start":{"line":89,"column":0},"end":{"line":89,"column":8}},"89":{"start":{"line":90,"column":0},"end":{"line":90,"column":5}},"90":{"start":{"line":91,"column":0},"end":{"line":91,"column":17}},"91":{"start":{"line":92,"column":0},"end":{"line":92,"column":11}},"92":{"start":{"line":93,"column":0},"end":{"line":93,"column":11}},"93":{"start":{"line":94,"column":0},"end":{"line":94,"column":16}},"94":{"start":{"line":95,"column":0},"end":{"line":95,"column":50}},"95":{"start":{"line":96,"column":0},"end":{"line":96,"column":27}},"96":{"start":{"line":97,"column":0},"end":{"line":97,"column":37}},"97":{"start":{"line":98,"column":0},"end":{"line":98,"column":8}},"98":{"start":{"line":99,"column":0},"end":{"line":99,"column":5}},"99":{"start":{"line":100,"column":0},"end":{"line":100,"column":17}},"100":{"start":{"line":101,"column":0},"end":{"line":101,"column":29}},"101":{"start":{"line":102,"column":0},"end":{"line":102,"column":3}},"117":{"start":{"line":118,"column":0},"end":{"line":118,"column":55}},"118":{"start":{"line":119,"column":0},"end":{"line":119,"column":45}},"119":{"start":{"line":120,"column":0},"end":{"line":120,"column":47}},"120":{"start":{"line":121,"column":0},"end":{"line":121,"column":47}},"121":{"start":{"line":122,"column":0},"end":{"line":122,"column":46}},"122":{"start":{"line":123,"column":0},"end":{"line":123,"column":1}},"124":{"start":{"line":125,"column":0},"end":{"line":125,"column":41}},"125":{"start":{"line":126,"column":0},"end":{"line":126,"column":7}},"126":{"start":{"line":127,"column":0},"end":{"line":127,"column":20}},"127":{"start":{"line":128,"column":0},"end":{"line":128,"column":16}},"128":{"start":{"line":129,"column":0},"end":{"line":129,"column":19}},"130":{"start":{"line":131,"column":0},"end":{"line":131,"column":79}},"131":{"start":{"line":132,"column":0},"end":{"line":132,"column":97}},"132":{"start":{"line":133,"column":0},"end":{"line":133,"column":5}},"133":{"start":{"line":134,"column":0},"end":{"line":134,"column":17}},"134":{"start":{"line":135,"column":0},"end":{"line":135,"column":3}},"135":{"start":{"line":136,"column":0},"end":{"line":136,"column":1}},"137":{"start":{"line":138,"column":0},"end":{"line":138,"column":57}},"138":{"start":{"line":139,"column":0},"end":{"line":139,"column":29}},"139":{"start":{"line":140,"column":0},"end":{"line":140,"column":32}},"140":{"start":{"line":141,"column":0},"end":{"line":141,"column":60}},"141":{"start":{"line":142,"column":0},"end":{"line":142,"column":59}},"142":{"start":{"line":143,"column":0},"end":{"line":143,"column":18}},"143":{"start":{"line":144,"column":0},"end":{"line":144,"column":49}},"144":{"start":{"line":145,"column":0},"end":{"line":145,"column":41}},"145":{"start":{"line":146,"column":0},"end":{"line":146,"column":40}},"146":{"start":{"line":147,"column":0},"end":{"line":147,"column":48}},"147":{"start":{"line":148,"column":0},"end":{"line":148,"column":15}},"148":{"start":{"line":149,"column":0},"end":{"line":149,"column":3}},"149":{"start":{"line":150,"column":0},"end":{"line":150,"column":37}},"150":{"start":{"line":151,"column":0},"end":{"line":151,"column":1}},"152":{"start":{"line":153,"column":0},"end":{"line":153,"column":53}},"153":{"start":{"line":154,"column":0},"end":{"line":154,"column":16}},"154":{"start":{"line":155,"column":0},"end":{"line":155,"column":32}},"155":{"start":{"line":156,"column":0},"end":{"line":156,"column":32}},"156":{"start":{"line":157,"column":0},"end":{"line":157,"column":19}},"157":{"start":{"line":158,"column":0},"end":{"line":158,"column":4}},"158":{"start":{"line":159,"column":0},"end":{"line":159,"column":32}},"159":{"start":{"line":160,"column":0},"end":{"line":160,"column":34}},"160":{"start":{"line":161,"column":0},"end":{"line":161,"column":18}},"161":{"start":{"line":162,"column":0},"end":{"line":162,"column":17}},"162":{"start":{"line":163,"column":0},"end":{"line":163,"column":54}},"163":{"start":{"line":164,"column":0},"end":{"line":164,"column":1}},"165":{"start":{"line":166,"column":0},"end":{"line":166,"column":31}},"166":{"start":{"line":167,"column":0},"end":{"line":167,"column":15}},"167":{"start":{"line":168,"column":0},"end":{"line":168,"column":27}},"168":{"start":{"line":169,"column":0},"end":{"line":169,"column":21}},"169":{"start":{"line":170,"column":0},"end":{"line":170,"column":17}},"170":{"start":{"line":171,"column":0},"end":{"line":171,"column":18}},"171":{"start":{"line":172,"column":0},"end":{"line":172,"column":7}},"172":{"start":{"line":173,"column":0},"end":{"line":173,"column":75}},"173":{"start":{"line":174,"column":0},"end":{"line":174,"column":64}},"175":{"start":{"line":176,"column":0},"end":{"line":176,"column":45}},"176":{"start":{"line":177,"column":0},"end":{"line":177,"column":9}},"177":{"start":{"line":178,"column":0},"end":{"line":178,"column":70}},"178":{"start":{"line":179,"column":0},"end":{"line":179,"column":51}},"179":{"start":{"line":180,"column":0},"end":{"line":180,"column":13}},"181":{"start":{"line":182,"column":0},"end":{"line":182,"column":5}},"183":{"start":{"line":184,"column":0},"end":{"line":184,"column":31}},"186":{"start":{"line":187,"column":0},"end":{"line":187,"column":39}},"187":{"start":{"line":188,"column":0},"end":{"line":188,"column":51}},"188":{"start":{"line":189,"column":0},"end":{"line":189,"column":5}},"190":{"start":{"line":191,"column":0},"end":{"line":191,"column":77}},"191":{"start":{"line":192,"column":0},"end":{"line":192,"column":22}},"193":{"start":{"line":194,"column":0},"end":{"line":194,"column":52}},"194":{"start":{"line":195,"column":0},"end":{"line":195,"column":3}},"195":{"start":{"line":196,"column":0},"end":{"line":196,"column":1}},"197":{"start":{"line":198,"column":0},"end":{"line":198,"column":61}},"198":{"start":{"line":199,"column":0},"end":{"line":199,"column":51}},"199":{"start":{"line":200,"column":0},"end":{"line":200,"column":51}},"201":{"start":{"line":202,"column":0},"end":{"line":202,"column":9}},"202":{"start":{"line":203,"column":0},"end":{"line":203,"column":47}},"204":{"start":{"line":205,"column":0},"end":{"line":205,"column":26}},"205":{"start":{"line":206,"column":0},"end":{"line":206,"column":11}},"206":{"start":{"line":207,"column":0},"end":{"line":207,"column":33}},"207":{"start":{"line":208,"column":0},"end":{"line":208,"column":28}},"208":{"start":{"line":209,"column":0},"end":{"line":209,"column":28}},"209":{"start":{"line":210,"column":0},"end":{"line":210,"column":107}},"210":{"start":{"line":211,"column":0},"end":{"line":211,"column":34}},"211":{"start":{"line":212,"column":0},"end":{"line":212,"column":26}},"212":{"start":{"line":213,"column":0},"end":{"line":213,"column":11}},"213":{"start":{"line":214,"column":0},"end":{"line":214,"column":45}},"214":{"start":{"line":215,"column":0},"end":{"line":215,"column":54}},"215":{"start":{"line":216,"column":0},"end":{"line":216,"column":52}},"216":{"start":{"line":217,"column":0},"end":{"line":217,"column":11}},"217":{"start":{"line":218,"column":0},"end":{"line":218,"column":10}},"218":{"start":{"line":219,"column":0},"end":{"line":219,"column":7}},"220":{"start":{"line":221,"column":0},"end":{"line":221,"column":11}},"221":{"start":{"line":222,"column":0},"end":{"line":222,"column":40}},"222":{"start":{"line":223,"column":0},"end":{"line":223,"column":33}},"223":{"start":{"line":224,"column":0},"end":{"line":224,"column":28}},"224":{"start":{"line":225,"column":0},"end":{"line":225,"column":131}},"225":{"start":{"line":226,"column":0},"end":{"line":226,"column":46}},"226":{"start":{"line":227,"column":0},"end":{"line":227,"column":26}},"227":{"start":{"line":228,"column":0},"end":{"line":228,"column":11}},"228":{"start":{"line":229,"column":0},"end":{"line":229,"column":62}},"229":{"start":{"line":230,"column":0},"end":{"line":230,"column":53}},"230":{"start":{"line":231,"column":0},"end":{"line":231,"column":52}},"231":{"start":{"line":232,"column":0},"end":{"line":232,"column":11}},"232":{"start":{"line":233,"column":0},"end":{"line":233,"column":10}},"233":{"start":{"line":234,"column":0},"end":{"line":234,"column":7}},"234":{"start":{"line":235,"column":0},"end":{"line":235,"column":30}},"235":{"start":{"line":236,"column":0},"end":{"line":236,"column":43}},"236":{"start":{"line":237,"column":0},"end":{"line":237,"column":24}},"237":{"start":{"line":238,"column":0},"end":{"line":238,"column":7}},"239":{"start":{"line":240,"column":0},"end":{"line":240,"column":41}},"240":{"start":{"line":241,"column":0},"end":{"line":241,"column":39}},"241":{"start":{"line":242,"column":0},"end":{"line":242,"column":7}},"243":{"start":{"line":244,"column":0},"end":{"line":244,"column":26}},"244":{"start":{"line":245,"column":0},"end":{"line":245,"column":77}},"245":{"start":{"line":246,"column":0},"end":{"line":246,"column":34}},"246":{"start":{"line":247,"column":0},"end":{"line":247,"column":56}},"247":{"start":{"line":248,"column":0},"end":{"line":248,"column":9}},"248":{"start":{"line":249,"column":0},"end":{"line":249,"column":35}},"249":{"start":{"line":250,"column":0},"end":{"line":250,"column":47}},"250":{"start":{"line":251,"column":0},"end":{"line":251,"column":45}},"251":{"start":{"line":252,"column":0},"end":{"line":252,"column":9}},"252":{"start":{"line":253,"column":0},"end":{"line":253,"column":8}},"253":{"start":{"line":254,"column":0},"end":{"line":254,"column":5}},"254":{"start":{"line":255,"column":0},"end":{"line":255,"column":57}},"255":{"start":{"line":256,"column":0},"end":{"line":256,"column":1}},"257":{"start":{"line":258,"column":0},"end":{"line":258,"column":58}},"258":{"start":{"line":259,"column":0},"end":{"line":259,"column":49}},"259":{"start":{"line":260,"column":0},"end":{"line":260,"column":63}},"260":{"start":{"line":261,"column":0},"end":{"line":261,"column":1}},"262":{"start":{"line":263,"column":0},"end":{"line":263,"column":70}},"263":{"start":{"line":264,"column":0},"end":{"line":264,"column":50}},"264":{"start":{"line":265,"column":0},"end":{"line":265,"column":38}},"265":{"start":{"line":266,"column":0},"end":{"line":266,"column":43}},"266":{"start":{"line":267,"column":0},"end":{"line":267,"column":34}},"267":{"start":{"line":268,"column":0},"end":{"line":268,"column":1}},"269":{"start":{"line":270,"column":0},"end":{"line":270,"column":61}},"270":{"start":{"line":271,"column":0},"end":{"line":271,"column":50}},"271":{"start":{"line":272,"column":0},"end":{"line":272,"column":64}},"272":{"start":{"line":273,"column":0},"end":{"line":273,"column":1}},"274":{"start":{"line":275,"column":0},"end":{"line":275,"column":71}},"275":{"start":{"line":276,"column":0},"end":{"line":276,"column":29}},"276":{"start":{"line":277,"column":0},"end":{"line":277,"column":34}},"277":{"start":{"line":278,"column":0},"end":{"line":278,"column":37}},"278":{"start":{"line":279,"column":0},"end":{"line":279,"column":16}},"279":{"start":{"line":280,"column":0},"end":{"line":280,"column":73}},"281":{"start":{"line":282,"column":0},"end":{"line":282,"column":10}},"282":{"start":{"line":283,"column":0},"end":{"line":283,"column":52}},"283":{"start":{"line":284,"column":0},"end":{"line":284,"column":26}},"284":{"start":{"line":285,"column":0},"end":{"line":285,"column":23}},"285":{"start":{"line":286,"column":0},"end":{"line":286,"column":50}},"286":{"start":{"line":287,"column":0},"end":{"line":287,"column":48}},"287":{"start":{"line":288,"column":0},"end":{"line":288,"column":44}},"288":{"start":{"line":289,"column":0},"end":{"line":289,"column":18}},"289":{"start":{"line":290,"column":0},"end":{"line":290,"column":13}},"290":{"start":{"line":291,"column":0},"end":{"line":291,"column":12}},"291":{"start":{"line":292,"column":0},"end":{"line":292,"column":13}},"292":{"start":{"line":293,"column":0},"end":{"line":293,"column":7}},"293":{"start":{"line":294,"column":0},"end":{"line":294,"column":78}},"294":{"start":{"line":295,"column":0},"end":{"line":295,"column":30}},"295":{"start":{"line":296,"column":0},"end":{"line":296,"column":6}},"296":{"start":{"line":297,"column":0},"end":{"line":297,"column":29}},"303":{"start":{"line":304,"column":0},"end":{"line":304,"column":15}},"304":{"start":{"line":305,"column":0},"end":{"line":305,"column":1}},"306":{"start":{"line":307,"column":0},"end":{"line":307,"column":33}},"307":{"start":{"line":308,"column":0},"end":{"line":308,"column":13}},"308":{"start":{"line":309,"column":0},"end":{"line":309,"column":19}},"309":{"start":{"line":310,"column":0},"end":{"line":310,"column":23}},"310":{"start":{"line":311,"column":0},"end":{"line":311,"column":11}},"311":{"start":{"line":312,"column":0},"end":{"line":312,"column":61}},"312":{"start":{"line":313,"column":0},"end":{"line":313,"column":55}},"314":{"start":{"line":315,"column":0},"end":{"line":315,"column":35}},"315":{"start":{"line":316,"column":0},"end":{"line":316,"column":44}},"316":{"start":{"line":317,"column":0},"end":{"line":317,"column":9}},"318":{"start":{"line":319,"column":0},"end":{"line":319,"column":10}},"319":{"start":{"line":320,"column":0},"end":{"line":320,"column":26}},"320":{"start":{"line":321,"column":0},"end":{"line":321,"column":41}},"321":{"start":{"line":322,"column":0},"end":{"line":322,"column":35}},"322":{"start":{"line":323,"column":0},"end":{"line":323,"column":17}},"323":{"start":{"line":324,"column":0},"end":{"line":324,"column":77}},"324":{"start":{"line":325,"column":0},"end":{"line":325,"column":26}},"325":{"start":{"line":326,"column":0},"end":{"line":326,"column":6}},"326":{"start":{"line":327,"column":0},"end":{"line":327,"column":29}},"331":{"start":{"line":332,"column":0},"end":{"line":332,"column":15}},"332":{"start":{"line":333,"column":0},"end":{"line":333,"column":1}},"350":{"start":{"line":351,"column":0},"end":{"line":351,"column":33}},"351":{"start":{"line":352,"column":0},"end":{"line":352,"column":13}},"352":{"start":{"line":353,"column":0},"end":{"line":353,"column":19}},"353":{"start":{"line":354,"column":0},"end":{"line":354,"column":32}},"354":{"start":{"line":355,"column":0},"end":{"line":355,"column":11}},"355":{"start":{"line":356,"column":0},"end":{"line":356,"column":29}},"356":{"start":{"line":357,"column":0},"end":{"line":357,"column":29}},"357":{"start":{"line":358,"column":0},"end":{"line":358,"column":64}},"359":{"start":{"line":360,"column":0},"end":{"line":360,"column":35}},"360":{"start":{"line":361,"column":0},"end":{"line":361,"column":17}},"361":{"start":{"line":362,"column":0},"end":{"line":362,"column":36}},"362":{"start":{"line":363,"column":0},"end":{"line":363,"column":17}},"363":{"start":{"line":364,"column":0},"end":{"line":364,"column":13}},"364":{"start":{"line":365,"column":0},"end":{"line":365,"column":75}},"365":{"start":{"line":366,"column":0},"end":{"line":366,"column":4}},"366":{"start":{"line":367,"column":0},"end":{"line":367,"column":13}},"367":{"start":{"line":368,"column":0},"end":{"line":368,"column":74}},"368":{"start":{"line":369,"column":0},"end":{"line":369,"column":4}},"369":{"start":{"line":370,"column":0},"end":{"line":370,"column":80}},"370":{"start":{"line":371,"column":0},"end":{"line":371,"column":17}},"371":{"start":{"line":372,"column":0},"end":{"line":372,"column":20}},"372":{"start":{"line":373,"column":0},"end":{"line":373,"column":17}},"373":{"start":{"line":374,"column":0},"end":{"line":374,"column":44}},"374":{"start":{"line":375,"column":0},"end":{"line":375,"column":17}},"375":{"start":{"line":376,"column":0},"end":{"line":376,"column":37}},"376":{"start":{"line":377,"column":0},"end":{"line":377,"column":17}},"377":{"start":{"line":378,"column":0},"end":{"line":378,"column":33}},"378":{"start":{"line":379,"column":0},"end":{"line":379,"column":17}},"379":{"start":{"line":380,"column":0},"end":{"line":380,"column":30}},"380":{"start":{"line":381,"column":0},"end":{"line":381,"column":60}},"381":{"start":{"line":382,"column":0},"end":{"line":382,"column":17}},"382":{"start":{"line":383,"column":0},"end":{"line":383,"column":29}},"383":{"start":{"line":384,"column":0},"end":{"line":384,"column":59}},"384":{"start":{"line":385,"column":0},"end":{"line":385,"column":17}},"385":{"start":{"line":386,"column":0},"end":{"line":386,"column":27}},"386":{"start":{"line":387,"column":0},"end":{"line":387,"column":57}},"387":{"start":{"line":388,"column":0},"end":{"line":388,"column":17}},"388":{"start":{"line":389,"column":0},"end":{"line":389,"column":34}},"389":{"start":{"line":390,"column":0},"end":{"line":390,"column":64}},"390":{"start":{"line":391,"column":0},"end":{"line":391,"column":17}},"391":{"start":{"line":392,"column":0},"end":{"line":392,"column":20}},"392":{"start":{"line":393,"column":0},"end":{"line":393,"column":17}},"393":{"start":{"line":394,"column":0},"end":{"line":394,"column":61}},"394":{"start":{"line":395,"column":0},"end":{"line":395,"column":17}},"395":{"start":{"line":396,"column":0},"end":{"line":396,"column":49}},"396":{"start":{"line":397,"column":0},"end":{"line":397,"column":70}},"397":{"start":{"line":398,"column":0},"end":{"line":398,"column":17}},"398":{"start":{"line":399,"column":0},"end":{"line":399,"column":62}},"399":{"start":{"line":400,"column":0},"end":{"line":400,"column":64}},"400":{"start":{"line":401,"column":0},"end":{"line":401,"column":17}},"401":{"start":{"line":402,"column":0},"end":{"line":402,"column":13}},"402":{"start":{"line":403,"column":0},"end":{"line":403,"column":75}},"403":{"start":{"line":404,"column":0},"end":{"line":404,"column":4}},"404":{"start":{"line":405,"column":0},"end":{"line":405,"column":55}},"405":{"start":{"line":406,"column":0},"end":{"line":406,"column":17}},"406":{"start":{"line":407,"column":0},"end":{"line":407,"column":20}},"407":{"start":{"line":408,"column":0},"end":{"line":408,"column":17}},"408":{"start":{"line":409,"column":0},"end":{"line":409,"column":39}},"409":{"start":{"line":410,"column":0},"end":{"line":410,"column":17}},"410":{"start":{"line":411,"column":0},"end":{"line":411,"column":13}},"411":{"start":{"line":412,"column":0},"end":{"line":412,"column":71}},"412":{"start":{"line":413,"column":0},"end":{"line":413,"column":4}},"413":{"start":{"line":414,"column":0},"end":{"line":414,"column":76}},"414":{"start":{"line":415,"column":0},"end":{"line":415,"column":13}},"415":{"start":{"line":416,"column":0},"end":{"line":416,"column":78}},"416":{"start":{"line":417,"column":0},"end":{"line":417,"column":4}},"417":{"start":{"line":418,"column":0},"end":{"line":418,"column":43}},"418":{"start":{"line":419,"column":0},"end":{"line":419,"column":13}},"419":{"start":{"line":420,"column":0},"end":{"line":420,"column":74}},"420":{"start":{"line":421,"column":0},"end":{"line":421,"column":4}},"421":{"start":{"line":422,"column":0},"end":{"line":422,"column":17}},"422":{"start":{"line":423,"column":0},"end":{"line":423,"column":20}},"423":{"start":{"line":424,"column":0},"end":{"line":424,"column":17}},"424":{"start":{"line":425,"column":0},"end":{"line":425,"column":42}},"425":{"start":{"line":426,"column":0},"end":{"line":426,"column":17}},"426":{"start":{"line":427,"column":0},"end":{"line":427,"column":50}},"427":{"start":{"line":428,"column":0},"end":{"line":428,"column":17}},"428":{"start":{"line":429,"column":0},"end":{"line":429,"column":47}},"429":{"start":{"line":430,"column":0},"end":{"line":430,"column":24}},"430":{"start":{"line":431,"column":0},"end":{"line":431,"column":18}},"431":{"start":{"line":432,"column":0},"end":{"line":432,"column":46}},"432":{"start":{"line":433,"column":0},"end":{"line":433,"column":68}},"433":{"start":{"line":434,"column":0},"end":{"line":434,"column":42}},"434":{"start":{"line":435,"column":0},"end":{"line":435,"column":69}},"435":{"start":{"line":436,"column":0},"end":{"line":436,"column":43}},"436":{"start":{"line":437,"column":0},"end":{"line":437,"column":51}},"437":{"start":{"line":438,"column":0},"end":{"line":438,"column":18}},"438":{"start":{"line":439,"column":0},"end":{"line":439,"column":20}},"439":{"start":{"line":440,"column":0},"end":{"line":440,"column":17}},"440":{"start":{"line":441,"column":0},"end":{"line":441,"column":78}},"441":{"start":{"line":442,"column":0},"end":{"line":442,"column":17}},"442":{"start":{"line":443,"column":0},"end":{"line":443,"column":45}},"443":{"start":{"line":444,"column":0},"end":{"line":444,"column":17}},"444":{"start":{"line":445,"column":0},"end":{"line":445,"column":47}},"445":{"start":{"line":446,"column":0},"end":{"line":446,"column":24}},"446":{"start":{"line":447,"column":0},"end":{"line":447,"column":18}},"447":{"start":{"line":448,"column":0},"end":{"line":448,"column":46}},"448":{"start":{"line":449,"column":0},"end":{"line":449,"column":13}},"449":{"start":{"line":450,"column":0},"end":{"line":450,"column":83}},"450":{"start":{"line":451,"column":0},"end":{"line":451,"column":4}},"451":{"start":{"line":452,"column":0},"end":{"line":452,"column":13}},"452":{"start":{"line":453,"column":0},"end":{"line":453,"column":89}},"453":{"start":{"line":454,"column":0},"end":{"line":454,"column":4}},"454":{"start":{"line":455,"column":0},"end":{"line":455,"column":47}},"455":{"start":{"line":456,"column":0},"end":{"line":456,"column":18}},"456":{"start":{"line":457,"column":0},"end":{"line":457,"column":20}},"457":{"start":{"line":458,"column":0},"end":{"line":458,"column":17}},"458":{"start":{"line":459,"column":0},"end":{"line":459,"column":20}},"459":{"start":{"line":460,"column":0},"end":{"line":460,"column":17}},"460":{"start":{"line":461,"column":0},"end":{"line":461,"column":52}},"461":{"start":{"line":462,"column":0},"end":{"line":462,"column":17}},"462":{"start":{"line":463,"column":0},"end":{"line":463,"column":83}},"463":{"start":{"line":464,"column":0},"end":{"line":464,"column":13}},"464":{"start":{"line":465,"column":0},"end":{"line":465,"column":72}},"465":{"start":{"line":466,"column":0},"end":{"line":466,"column":4}},"466":{"start":{"line":467,"column":0},"end":{"line":467,"column":30}},"467":{"start":{"line":468,"column":0},"end":{"line":468,"column":34}},"468":{"start":{"line":469,"column":0},"end":{"line":469,"column":19}},"469":{"start":{"line":470,"column":0},"end":{"line":470,"column":48}},"470":{"start":{"line":471,"column":0},"end":{"line":471,"column":30}},"471":{"start":{"line":472,"column":0},"end":{"line":472,"column":47}},"472":{"start":{"line":473,"column":0},"end":{"line":473,"column":44}},"473":{"start":{"line":474,"column":0},"end":{"line":474,"column":13}},"474":{"start":{"line":475,"column":0},"end":{"line":475,"column":52}},"475":{"start":{"line":476,"column":0},"end":{"line":476,"column":49}},"476":{"start":{"line":477,"column":0},"end":{"line":477,"column":13}},"477":{"start":{"line":478,"column":0},"end":{"line":478,"column":68}},"478":{"start":{"line":479,"column":0},"end":{"line":479,"column":51}},"479":{"start":{"line":480,"column":0},"end":{"line":480,"column":78}},"480":{"start":{"line":481,"column":0},"end":{"line":481,"column":18}},"481":{"start":{"line":482,"column":0},"end":{"line":482,"column":41}},"482":{"start":{"line":483,"column":0},"end":{"line":483,"column":41}},"483":{"start":{"line":484,"column":0},"end":{"line":484,"column":47}},"484":{"start":{"line":485,"column":0},"end":{"line":485,"column":45}},"485":{"start":{"line":486,"column":0},"end":{"line":486,"column":15}},"486":{"start":{"line":487,"column":0},"end":{"line":487,"column":17}},"487":{"start":{"line":488,"column":0},"end":{"line":488,"column":88}},"488":{"start":{"line":489,"column":0},"end":{"line":489,"column":8}},"489":{"start":{"line":490,"column":0},"end":{"line":490,"column":5}},"490":{"start":{"line":491,"column":0},"end":{"line":491,"column":10}},"491":{"start":{"line":492,"column":0},"end":{"line":492,"column":19}},"492":{"start":{"line":493,"column":0},"end":{"line":493,"column":46}},"493":{"start":{"line":494,"column":0},"end":{"line":494,"column":3}},"494":{"start":{"line":495,"column":0},"end":{"line":495,"column":17}},"495":{"start":{"line":496,"column":0},"end":{"line":496,"column":20}},"496":{"start":{"line":497,"column":0},"end":{"line":497,"column":17}},"497":{"start":{"line":498,"column":0},"end":{"line":498,"column":41}},"498":{"start":{"line":499,"column":0},"end":{"line":499,"column":17}},"499":{"start":{"line":500,"column":0},"end":{"line":500,"column":68}},"500":{"start":{"line":501,"column":0},"end":{"line":501,"column":70}},"501":{"start":{"line":502,"column":0},"end":{"line":502,"column":51}},"502":{"start":{"line":503,"column":0},"end":{"line":503,"column":85}},"503":{"start":{"line":504,"column":0},"end":{"line":504,"column":17}},"504":{"start":{"line":505,"column":0},"end":{"line":505,"column":20}},"505":{"start":{"line":506,"column":0},"end":{"line":506,"column":17}},"506":{"start":{"line":507,"column":0},"end":{"line":507,"column":54}},"507":{"start":{"line":508,"column":0},"end":{"line":508,"column":17}},"508":{"start":{"line":509,"column":0},"end":{"line":509,"column":31}},"509":{"start":{"line":510,"column":0},"end":{"line":510,"column":24}},"510":{"start":{"line":511,"column":0},"end":{"line":511,"column":18}},"511":{"start":{"line":512,"column":0},"end":{"line":512,"column":36}},"512":{"start":{"line":513,"column":0},"end":{"line":513,"column":34}},"513":{"start":{"line":514,"column":0},"end":{"line":514,"column":38}},"514":{"start":{"line":515,"column":0},"end":{"line":515,"column":36}},"515":{"start":{"line":516,"column":0},"end":{"line":516,"column":42}},"516":{"start":{"line":517,"column":0},"end":{"line":517,"column":45}},"517":{"start":{"line":518,"column":0},"end":{"line":518,"column":64}},"518":{"start":{"line":519,"column":0},"end":{"line":519,"column":18}},"519":{"start":{"line":520,"column":0},"end":{"line":520,"column":20}},"520":{"start":{"line":521,"column":0},"end":{"line":521,"column":17}},"521":{"start":{"line":522,"column":0},"end":{"line":522,"column":20}},"522":{"start":{"line":523,"column":0},"end":{"line":523,"column":17}},"523":{"start":{"line":524,"column":0},"end":{"line":524,"column":47}},"524":{"start":{"line":525,"column":0},"end":{"line":525,"column":17}},"525":{"start":{"line":526,"column":0},"end":{"line":526,"column":31}},"526":{"start":{"line":527,"column":0},"end":{"line":527,"column":24}},"527":{"start":{"line":528,"column":0},"end":{"line":528,"column":41}},"528":{"start":{"line":529,"column":0},"end":{"line":529,"column":77}},"529":{"start":{"line":530,"column":0},"end":{"line":530,"column":42}},"530":{"start":{"line":531,"column":0},"end":{"line":531,"column":41}},"531":{"start":{"line":532,"column":0},"end":{"line":532,"column":39}},"532":{"start":{"line":533,"column":0},"end":{"line":533,"column":44}},"533":{"start":{"line":534,"column":0},"end":{"line":534,"column":20}},"534":{"start":{"line":535,"column":0},"end":{"line":535,"column":17}},"535":{"start":{"line":536,"column":0},"end":{"line":536,"column":27}},"536":{"start":{"line":537,"column":0},"end":{"line":537,"column":24}},"537":{"start":{"line":538,"column":0},"end":{"line":538,"column":41}},"538":{"start":{"line":539,"column":0},"end":{"line":539,"column":13}},"539":{"start":{"line":540,"column":0},"end":{"line":540,"column":92}},"540":{"start":{"line":541,"column":0},"end":{"line":541,"column":4}},"541":{"start":{"line":542,"column":0},"end":{"line":542,"column":13}},"542":{"start":{"line":543,"column":0},"end":{"line":543,"column":76}},"543":{"start":{"line":544,"column":0},"end":{"line":544,"column":4}},"544":{"start":{"line":545,"column":0},"end":{"line":545,"column":37}},"545":{"start":{"line":546,"column":0},"end":{"line":546,"column":20}},"546":{"start":{"line":547,"column":0},"end":{"line":547,"column":17}},"547":{"start":{"line":548,"column":0},"end":{"line":548,"column":20}},"548":{"start":{"line":549,"column":0},"end":{"line":549,"column":17}},"549":{"start":{"line":550,"column":0},"end":{"line":550,"column":47}},"550":{"start":{"line":551,"column":0},"end":{"line":551,"column":17}},"551":{"start":{"line":552,"column":0},"end":{"line":552,"column":63}},"552":{"start":{"line":553,"column":0},"end":{"line":553,"column":74}},"553":{"start":{"line":554,"column":0},"end":{"line":554,"column":56}},"554":{"start":{"line":555,"column":0},"end":{"line":555,"column":50}},"555":{"start":{"line":556,"column":0},"end":{"line":556,"column":17}},"556":{"start":{"line":557,"column":0},"end":{"line":557,"column":26}},"557":{"start":{"line":558,"column":0},"end":{"line":558,"column":1}},"571":{"start":{"line":572,"column":0},"end":{"line":572,"column":37}},"572":{"start":{"line":573,"column":0},"end":{"line":573,"column":13}},"573":{"start":{"line":574,"column":0},"end":{"line":574,"column":19}},"574":{"start":{"line":575,"column":0},"end":{"line":575,"column":32}},"575":{"start":{"line":576,"column":0},"end":{"line":576,"column":19}},"576":{"start":{"line":577,"column":0},"end":{"line":577,"column":22}},"577":{"start":{"line":578,"column":0},"end":{"line":578,"column":24}},"578":{"start":{"line":579,"column":0},"end":{"line":579,"column":47}},"579":{"start":{"line":580,"column":0},"end":{"line":580,"column":25}},"580":{"start":{"line":581,"column":0},"end":{"line":581,"column":52}},"581":{"start":{"line":582,"column":0},"end":{"line":582,"column":26}},"582":{"start":{"line":583,"column":0},"end":{"line":583,"column":34}},"583":{"start":{"line":584,"column":0},"end":{"line":584,"column":4}},"584":{"start":{"line":585,"column":0},"end":{"line":585,"column":23}},"585":{"start":{"line":586,"column":0},"end":{"line":586,"column":24}},"586":{"start":{"line":587,"column":0},"end":{"line":587,"column":17}},"587":{"start":{"line":588,"column":0},"end":{"line":588,"column":59}},"588":{"start":{"line":589,"column":0},"end":{"line":589,"column":64}},"589":{"start":{"line":590,"column":0},"end":{"line":590,"column":6}},"590":{"start":{"line":591,"column":0},"end":{"line":591,"column":77}},"591":{"start":{"line":592,"column":0},"end":{"line":592,"column":30}},"592":{"start":{"line":593,"column":0},"end":{"line":593,"column":4}},"593":{"start":{"line":594,"column":0},"end":{"line":594,"column":10}},"594":{"start":{"line":595,"column":0},"end":{"line":595,"column":24}},"595":{"start":{"line":596,"column":0},"end":{"line":596,"column":32}},"596":{"start":{"line":597,"column":0},"end":{"line":597,"column":32}},"597":{"start":{"line":598,"column":0},"end":{"line":598,"column":20}},"598":{"start":{"line":599,"column":0},"end":{"line":599,"column":12}},"599":{"start":{"line":600,"column":0},"end":{"line":600,"column":13}},"600":{"start":{"line":601,"column":0},"end":{"line":601,"column":39}},"601":{"start":{"line":602,"column":0},"end":{"line":602,"column":40}},"602":{"start":{"line":603,"column":0},"end":{"line":603,"column":5}},"603":{"start":{"line":604,"column":0},"end":{"line":604,"column":4}},"604":{"start":{"line":605,"column":0},"end":{"line":605,"column":1}},"606":{"start":{"line":607,"column":0},"end":{"line":607,"column":34}},"607":{"start":{"line":608,"column":0},"end":{"line":608,"column":15}},"608":{"start":{"line":609,"column":0},"end":{"line":609,"column":23}},"609":{"start":{"line":610,"column":0},"end":{"line":610,"column":15}},"610":{"start":{"line":611,"column":0},"end":{"line":611,"column":19}},"611":{"start":{"line":612,"column":0},"end":{"line":612,"column":36}},"612":{"start":{"line":613,"column":0},"end":{"line":613,"column":41}},"613":{"start":{"line":614,"column":0},"end":{"line":614,"column":43}},"614":{"start":{"line":615,"column":0},"end":{"line":615,"column":24}},"615":{"start":{"line":616,"column":0},"end":{"line":616,"column":15}},"616":{"start":{"line":617,"column":0},"end":{"line":617,"column":4}},"617":{"start":{"line":618,"column":0},"end":{"line":618,"column":39}},"618":{"start":{"line":619,"column":0},"end":{"line":619,"column":24}},"619":{"start":{"line":620,"column":0},"end":{"line":620,"column":24}},"620":{"start":{"line":621,"column":0},"end":{"line":621,"column":69}},"621":{"start":{"line":622,"column":0},"end":{"line":622,"column":73}},"622":{"start":{"line":623,"column":0},"end":{"line":623,"column":54}},"623":{"start":{"line":624,"column":0},"end":{"line":624,"column":4}},"624":{"start":{"line":625,"column":0},"end":{"line":625,"column":31}},"625":{"start":{"line":626,"column":0},"end":{"line":626,"column":28}},"626":{"start":{"line":627,"column":0},"end":{"line":627,"column":9}},"627":{"start":{"line":628,"column":0},"end":{"line":628,"column":13}},"628":{"start":{"line":629,"column":0},"end":{"line":629,"column":12}},"629":{"start":{"line":630,"column":0},"end":{"line":630,"column":47}},"630":{"start":{"line":631,"column":0},"end":{"line":631,"column":4}},"631":{"start":{"line":632,"column":0},"end":{"line":632,"column":69}},"632":{"start":{"line":633,"column":0},"end":{"line":633,"column":15}},"633":{"start":{"line":634,"column":0},"end":{"line":634,"column":1}},"645":{"start":{"line":646,"column":0},"end":{"line":646,"column":39}},"646":{"start":{"line":647,"column":0},"end":{"line":647,"column":15}},"647":{"start":{"line":648,"column":0},"end":{"line":648,"column":20}},"648":{"start":{"line":649,"column":0},"end":{"line":649,"column":37}},"649":{"start":{"line":650,"column":0},"end":{"line":650,"column":36}},"651":{"start":{"line":652,"column":0},"end":{"line":652,"column":75}},"652":{"start":{"line":653,"column":0},"end":{"line":653,"column":69}},"654":{"start":{"line":655,"column":0},"end":{"line":655,"column":32}},"655":{"start":{"line":656,"column":0},"end":{"line":656,"column":24}},"656":{"start":{"line":657,"column":0},"end":{"line":657,"column":41}},"657":{"start":{"line":658,"column":0},"end":{"line":658,"column":50}},"658":{"start":{"line":659,"column":0},"end":{"line":659,"column":14}},"659":{"start":{"line":660,"column":0},"end":{"line":660,"column":77}},"660":{"start":{"line":661,"column":0},"end":{"line":661,"column":7}},"661":{"start":{"line":662,"column":0},"end":{"line":662,"column":31}},"662":{"start":{"line":663,"column":0},"end":{"line":663,"column":41}},"663":{"start":{"line":664,"column":0},"end":{"line":664,"column":44}},"664":{"start":{"line":665,"column":0},"end":{"line":665,"column":14}},"665":{"start":{"line":666,"column":0},"end":{"line":666,"column":71}},"666":{"start":{"line":667,"column":0},"end":{"line":667,"column":7}},"667":{"start":{"line":668,"column":0},"end":{"line":668,"column":12}},"668":{"start":{"line":669,"column":0},"end":{"line":669,"column":59}},"669":{"start":{"line":670,"column":0},"end":{"line":670,"column":5}},"670":{"start":{"line":671,"column":0},"end":{"line":671,"column":39}},"671":{"start":{"line":672,"column":0},"end":{"line":672,"column":24}},"672":{"start":{"line":673,"column":0},"end":{"line":673,"column":42}},"673":{"start":{"line":674,"column":0},"end":{"line":674,"column":31}},"674":{"start":{"line":675,"column":0},"end":{"line":675,"column":36}},"675":{"start":{"line":676,"column":0},"end":{"line":676,"column":12}},"676":{"start":{"line":677,"column":0},"end":{"line":677,"column":59}},"677":{"start":{"line":678,"column":0},"end":{"line":678,"column":5}},"678":{"start":{"line":679,"column":0},"end":{"line":679,"column":36}},"679":{"start":{"line":680,"column":0},"end":{"line":680,"column":34}},"680":{"start":{"line":681,"column":0},"end":{"line":681,"column":40}},"681":{"start":{"line":682,"column":0},"end":{"line":682,"column":51}},"682":{"start":{"line":683,"column":0},"end":{"line":683,"column":57}},"683":{"start":{"line":684,"column":0},"end":{"line":684,"column":9}},"684":{"start":{"line":685,"column":0},"end":{"line":685,"column":51}},"685":{"start":{"line":686,"column":0},"end":{"line":686,"column":7}},"686":{"start":{"line":687,"column":0},"end":{"line":687,"column":12}},"687":{"start":{"line":688,"column":0},"end":{"line":688,"column":22}},"688":{"start":{"line":689,"column":0},"end":{"line":689,"column":67}},"689":{"start":{"line":690,"column":0},"end":{"line":690,"column":8}},"690":{"start":{"line":691,"column":0},"end":{"line":691,"column":5}},"691":{"start":{"line":692,"column":0},"end":{"line":692,"column":3}},"693":{"start":{"line":694,"column":0},"end":{"line":694,"column":29}},"694":{"start":{"line":695,"column":0},"end":{"line":695,"column":44}},"695":{"start":{"line":696,"column":0},"end":{"line":696,"column":44}},"696":{"start":{"line":697,"column":0},"end":{"line":697,"column":27}},"697":{"start":{"line":698,"column":0},"end":{"line":698,"column":15}},"698":{"start":{"line":699,"column":0},"end":{"line":699,"column":4}},"699":{"start":{"line":700,"column":0},"end":{"line":700,"column":32}},"700":{"start":{"line":701,"column":0},"end":{"line":701,"column":31}},"701":{"start":{"line":702,"column":0},"end":{"line":702,"column":25}},"702":{"start":{"line":703,"column":0},"end":{"line":703,"column":1}},"704":{"start":{"line":705,"column":0},"end":{"line":705,"column":49}},"705":{"start":{"line":706,"column":0},"end":{"line":706,"column":32}},"706":{"start":{"line":707,"column":0},"end":{"line":707,"column":56}},"707":{"start":{"line":708,"column":0},"end":{"line":708,"column":31}},"708":{"start":{"line":709,"column":0},"end":{"line":709,"column":59}},"709":{"start":{"line":710,"column":0},"end":{"line":710,"column":3}},"710":{"start":{"line":711,"column":0},"end":{"line":711,"column":24}},"711":{"start":{"line":712,"column":0},"end":{"line":712,"column":17}},"712":{"start":{"line":713,"column":0},"end":{"line":713,"column":30}},"713":{"start":{"line":714,"column":0},"end":{"line":714,"column":40}},"714":{"start":{"line":715,"column":0},"end":{"line":715,"column":81}},"715":{"start":{"line":716,"column":0},"end":{"line":716,"column":59}},"716":{"start":{"line":717,"column":0},"end":{"line":717,"column":71}},"717":{"start":{"line":718,"column":0},"end":{"line":718,"column":52}},"718":{"start":{"line":719,"column":0},"end":{"line":719,"column":59}},"719":{"start":{"line":720,"column":0},"end":{"line":720,"column":24}},"720":{"start":{"line":721,"column":0},"end":{"line":721,"column":6}},"721":{"start":{"line":722,"column":0},"end":{"line":722,"column":17}},"722":{"start":{"line":723,"column":0},"end":{"line":723,"column":54}},"723":{"start":{"line":724,"column":0},"end":{"line":724,"column":54}},"724":{"start":{"line":725,"column":0},"end":{"line":725,"column":7}},"725":{"start":{"line":726,"column":0},"end":{"line":726,"column":17}},"726":{"start":{"line":727,"column":0},"end":{"line":727,"column":74}},"727":{"start":{"line":728,"column":0},"end":{"line":728,"column":8}},"728":{"start":{"line":729,"column":0},"end":{"line":729,"column":7}},"729":{"start":{"line":730,"column":0},"end":{"line":730,"column":17}},"730":{"start":{"line":731,"column":0},"end":{"line":731,"column":72}},"731":{"start":{"line":732,"column":0},"end":{"line":732,"column":8}},"732":{"start":{"line":733,"column":0},"end":{"line":733,"column":70}},"733":{"start":{"line":734,"column":0},"end":{"line":734,"column":70}},"734":{"start":{"line":735,"column":0},"end":{"line":735,"column":6}},"735":{"start":{"line":736,"column":0},"end":{"line":736,"column":11}},"736":{"start":{"line":737,"column":0},"end":{"line":737,"column":7}},"737":{"start":{"line":738,"column":0},"end":{"line":738,"column":18}},"738":{"start":{"line":739,"column":0},"end":{"line":739,"column":13}},"739":{"start":{"line":740,"column":0},"end":{"line":740,"column":82}},"741":{"start":{"line":742,"column":0},"end":{"line":742,"column":8}},"742":{"start":{"line":743,"column":0},"end":{"line":743,"column":7}},"743":{"start":{"line":744,"column":0},"end":{"line":744,"column":18}},"744":{"start":{"line":745,"column":0},"end":{"line":745,"column":13}},"745":{"start":{"line":746,"column":0},"end":{"line":746,"column":78}},"746":{"start":{"line":747,"column":0},"end":{"line":747,"column":8}},"747":{"start":{"line":748,"column":0},"end":{"line":748,"column":7}},"748":{"start":{"line":749,"column":0},"end":{"line":749,"column":18}},"749":{"start":{"line":750,"column":0},"end":{"line":750,"column":79}},"750":{"start":{"line":751,"column":0},"end":{"line":751,"column":8}},"751":{"start":{"line":752,"column":0},"end":{"line":752,"column":7}},"752":{"start":{"line":753,"column":0},"end":{"line":753,"column":18}},"753":{"start":{"line":754,"column":0},"end":{"line":754,"column":13}},"754":{"start":{"line":755,"column":0},"end":{"line":755,"column":80}},"755":{"start":{"line":756,"column":0},"end":{"line":756,"column":7}},"756":{"start":{"line":757,"column":0},"end":{"line":757,"column":5}},"757":{"start":{"line":758,"column":0},"end":{"line":758,"column":4}},"758":{"start":{"line":759,"column":0},"end":{"line":759,"column":31}},"759":{"start":{"line":760,"column":0},"end":{"line":760,"column":43}},"760":{"start":{"line":761,"column":0},"end":{"line":761,"column":60}},"761":{"start":{"line":762,"column":0},"end":{"line":762,"column":31}},"762":{"start":{"line":763,"column":0},"end":{"line":763,"column":22}},"763":{"start":{"line":764,"column":0},"end":{"line":764,"column":1}}},"s":{"1":1,"2":1,"8":1,"9":1,"10":1,"13":1,"14":1,"15":1,"16":1,"20":1,"21":1,"22":1,"23":1,"24":1,"25":1,"26":1,"27":1,"28":1,"29":1,"31":1,"32":1,"33":1,"34":1,"36":1,"37":1,"38":1,"39":1,"40":1,"42":1,"43":1,"44":1,"45":1,"46":1,"49":1,"51":1,"52":1,"53":1,"54":1,"55":1,"56":1,"63":1,"64":1,"65":1,"66":1,"67":1,"68":1,"69":1,"70":1,"71":1,"72":1,"73":1,"74":1,"75":1,"76":1,"77":1,"78":1,"80":1,"81":1,"82":1,"83":1,"84":1,"85":1,"86":1,"87":1,"88":1,"89":1,"90":1,"91":1,"92":1,"93":1,"94":1,"95":1,"96":1,"97":1,"98":1,"99":1,"100":1,"101":1,"117":8,"118":8,"119":8,"120":8,"121":8,"122":8,"124":16,"125":16,"126":16,"127":7,"128":15,"130":9,"131":0,"132":0,"133":9,"134":9,"135":16,"137":1,"138":14,"139":14,"140":443,"141":443,"142":181,"143":443,"144":97,"145":97,"146":443,"147":97,"148":443,"149":14,"150":14,"152":1,"153":14,"154":14,"155":14,"156":14,"157":14,"158":14,"159":14,"160":14,"161":14,"162":14,"163":14,"165":11,"166":11,"167":11,"168":11,"169":11,"170":11,"171":11,"172":11,"173":11,"175":11,"176":11,"177":11,"178":6,"179":6,"181":6,"183":11,"186":11,"187":0,"188":0,"190":11,"191":11,"193":0,"194":0,"195":11,"197":21,"198":21,"199":21,"201":21,"202":21,"204":20,"205":20,"206":20,"207":21,"208":0,"209":0,"210":0,"211":0,"212":0,"213":0,"214":0,"215":0,"216":0,"217":0,"218":0,"220":20,"221":20,"222":21,"223":1,"224":1,"225":1,"226":1,"227":1,"228":1,"229":1,"230":1,"231":1,"232":1,"233":1,"234":21,"235":2,"236":1,"237":1,"239":2,"240":1,"241":1,"243":0,"244":2,"245":2,"246":2,"247":2,"248":2,"249":2,"250":2,"251":2,"252":2,"253":2,"254":21,"255":21,"257":5,"258":5,"259":5,"260":5,"262":6,"263":6,"264":6,"265":2,"266":2,"267":2,"269":5,"270":5,"271":5,"272":5,"274":1,"275":2,"276":2,"277":2,"278":2,"279":2,"281":2,"282":2,"283":2,"284":2,"285":2,"286":2,"287":2,"288":2,"289":2,"290":2,"291":2,"292":2,"293":2,"294":2,"295":2,"296":2,"303":2,"304":2,"306":1,"307":2,"308":2,"309":2,"310":2,"311":2,"312":2,"314":2,"315":1,"316":1,"318":2,"319":2,"320":2,"321":2,"322":2,"323":2,"324":2,"325":2,"326":2,"331":2,"332":2,"350":1,"351":0,"352":0,"353":0,"354":0,"355":0,"356":0,"357":0,"359":0,"360":0,"361":0,"362":0,"363":0,"364":0,"365":0,"366":0,"367":0,"368":0,"369":0,"370":0,"371":0,"372":0,"373":0,"374":0,"375":0,"376":0,"377":0,"378":0,"379":0,"380":0,"381":0,"382":0,"383":0,"384":0,"385":0,"386":0,"387":0,"388":0,"389":0,"390":0,"391":0,"392":0,"393":0,"394":0,"395":0,"396":0,"397":0,"398":0,"399":0,"400":0,"401":0,"402":0,"403":0,"404":0,"405":0,"406":0,"407":0,"408":0,"409":0,"410":0,"411":0,"412":0,"413":0,"414":0,"415":0,"416":0,"417":0,"418":0,"419":0,"420":0,"421":0,"422":0,"423":0,"424":0,"425":0,"426":0,"427":0,"428":0,"429":0,"430":0,"431":0,"432":0,"433":0,"434":0,"435":0,"436":0,"437":0,"438":0,"439":0,"440":0,"441":0,"442":0,"443":0,"444":0,"445":0,"446":0,"447":0,"448":0,"449":0,"450":0,"451":0,"452":0,"453":0,"454":0,"455":0,"456":0,"457":0,"458":0,"459":0,"460":0,"461":0,"462":0,"463":0,"464":0,"465":0,"466":0,"467":0,"468":0,"469":0,"470":0,"471":0,"472":0,"473":0,"474":0,"475":0,"476":0,"477":0,"478":0,"479":0,"480":0,"481":0,"482":0,"483":0,"484":0,"485":0,"486":0,"487":0,"488":0,"489":0,"490":0,"491":0,"492":0,"493":0,"494":0,"495":0,"496":0,"497":0,"498":0,"499":0,"500":0,"501":0,"502":0,"503":0,"504":0,"505":0,"506":0,"507":0,"508":0,"509":0,"510":0,"511":0,"512":0,"513":0,"514":0,"515":0,"516":0,"517":0,"518":0,"519":0,"520":0,"521":0,"522":0,"523":0,"524":0,"525":0,"526":0,"527":0,"528":0,"529":0,"530":0,"531":0,"532":0,"533":0,"534":0,"535":0,"536":0,"537":0,"538":0,"539":0,"540":0,"541":0,"542":0,"543":0,"544":0,"545":0,"546":0,"547":0,"548":0,"549":0,"550":0,"551":0,"552":0,"553":0,"554":0,"555":0,"556":0,"557":0,"571":1,"572":0,"573":0,"574":0,"575":0,"576":0,"577":0,"578":0,"579":0,"580":0,"581":0,"582":0,"583":0,"584":0,"585":0,"586":0,"587":0,"588":0,"589":0,"590":0,"591":0,"592":0,"593":0,"594":0,"595":0,"596":0,"597":0,"598":0,"599":0,"600":0,"601":0,"602":0,"603":0,"604":0,"606":0,"607":0,"608":0,"609":0,"610":0,"611":0,"612":0,"613":0,"614":0,"615":0,"616":0,"617":0,"618":0,"619":0,"620":0,"621":0,"622":0,"623":0,"624":0,"625":0,"626":0,"627":0,"628":0,"629":0,"630":0,"631":0,"632":0,"633":0,"645":4,"646":4,"647":4,"648":4,"649":4,"651":4,"652":4,"654":4,"655":2,"656":1,"657":1,"658":1,"659":0,"660":0,"661":1,"662":0,"663":0,"664":0,"665":0,"666":0,"667":1,"668":1,"669":1,"670":2,"671":1,"672":1,"673":1,"674":0,"675":0,"676":0,"677":0,"678":1,"679":1,"680":1,"681":1,"682":0,"683":0,"684":1,"685":1,"686":1,"687":0,"688":0,"689":0,"690":0,"691":1,"693":3,"694":3,"695":3,"696":3,"697":3,"698":3,"699":4,"700":4,"701":3,"702":3,"704":3,"705":3,"706":3,"707":3,"708":1,"709":1,"710":2,"711":2,"712":2,"713":2,"714":2,"715":2,"716":2,"717":2,"718":2,"719":2,"720":2,"721":2,"722":2,"723":2,"724":2,"725":2,"726":2,"727":2,"728":2,"729":2,"730":2,"731":2,"732":2,"733":2,"734":2,"735":2,"736":2,"737":2,"738":2,"739":2,"741":2,"742":2,"743":2,"744":2,"745":2,"746":2,"747":2,"748":2,"749":2,"750":2,"751":2,"752":2,"753":2,"754":2,"755":2,"756":2,"757":2,"758":2,"759":2,"760":2,"761":2,"762":2,"763":2},"branchMap":{"0":{"type":"branch","line":118,"loc":{"start":{"line":118,"column":0},"end":{"line":123,"column":1}},"locations":[{"start":{"line":118,"column":0},"end":{"line":123,"column":1}}]},"1":{"type":"branch","line":125,"loc":{"start":{"line":125,"column":0},"end":{"line":136,"column":1}},"locations":[{"start":{"line":125,"column":0},"end":{"line":136,"column":1}}]},"2":{"type":"branch","line":127,"loc":{"start":{"line":127,"column":18},"end":{"line":135,"column":3}},"locations":[{"start":{"line":127,"column":18},"end":{"line":135,"column":3}}]},"3":{"type":"branch","line":127,"loc":{"start":{"line":127,"column":18},"end":{"line":129,"column":11}},"locations":[{"start":{"line":127,"column":18},"end":{"line":129,"column":11}}]},"4":{"type":"branch","line":129,"loc":{"start":{"line":129,"column":2},"end":{"line":135,"column":3}},"locations":[{"start":{"line":129,"column":2},"end":{"line":135,"column":3}}]},"5":{"type":"branch","line":131,"loc":{"start":{"line":131,"column":78},"end":{"line":133,"column":5}},"locations":[{"start":{"line":131,"column":78},"end":{"line":133,"column":5}}]},"6":{"type":"branch","line":138,"loc":{"start":{"line":138,"column":7},"end":{"line":151,"column":1}},"locations":[{"start":{"line":138,"column":7},"end":{"line":151,"column":1}}]},"7":{"type":"branch","line":140,"loc":{"start":{"line":140,"column":2},"end":{"line":149,"column":3}},"locations":[{"start":{"line":140,"column":2},"end":{"line":149,"column":3}}]},"8":{"type":"branch","line":141,"loc":{"start":{"line":141,"column":49},"end":{"line":141,"column":60}},"locations":[{"start":{"line":141,"column":49},"end":{"line":141,"column":60}}]},"9":{"type":"branch","line":141,"loc":{"start":{"line":141,"column":56},"end":{"line":142,"column":29}},"locations":[{"start":{"line":141,"column":56},"end":{"line":142,"column":29}}]},"10":{"type":"branch","line":142,"loc":{"start":{"line":142,"column":23},"end":{"line":142,"column":59}},"locations":[{"start":{"line":142,"column":23},"end":{"line":142,"column":59}}]},"11":{"type":"branch","line":142,"loc":{"start":{"line":142,"column":57},"end":{"line":144,"column":35}},"locations":[{"start":{"line":142,"column":57},"end":{"line":144,"column":35}}]},"12":{"type":"branch","line":144,"loc":{"start":{"line":144,"column":28},"end":{"line":144,"column":49}},"locations":[{"start":{"line":144,"column":28},"end":{"line":144,"column":49}}]},"13":{"type":"branch","line":144,"loc":{"start":{"line":144,"column":47},"end":{"line":147,"column":30}},"locations":[{"start":{"line":144,"column":47},"end":{"line":147,"column":30}}]},"14":{"type":"branch","line":147,"loc":{"start":{"line":147,"column":26},"end":{"line":147,"column":48}},"locations":[{"start":{"line":147,"column":26},"end":{"line":147,"column":48}}]},"15":{"type":"branch","line":147,"loc":{"start":{"line":147,"column":46},"end":{"line":148,"column":15}},"locations":[{"start":{"line":147,"column":46},"end":{"line":148,"column":15}}]},"16":{"type":"branch","line":153,"loc":{"start":{"line":153,"column":7},"end":{"line":164,"column":1}},"locations":[{"start":{"line":153,"column":7},"end":{"line":164,"column":1}}]},"17":{"type":"branch","line":166,"loc":{"start":{"line":166,"column":0},"end":{"line":196,"column":1}},"locations":[{"start":{"line":166,"column":0},"end":{"line":196,"column":1}}]},"18":{"type":"branch","line":178,"loc":{"start":{"line":178,"column":68},"end":{"line":182,"column":5}},"locations":[{"start":{"line":178,"column":68},"end":{"line":182,"column":5}}]},"19":{"type":"branch","line":187,"loc":{"start":{"line":187,"column":38},"end":{"line":189,"column":5}},"locations":[{"start":{"line":187,"column":38},"end":{"line":189,"column":5}}]},"20":{"type":"branch","line":192,"loc":{"start":{"line":192,"column":2},"end":{"line":195,"column":3}},"locations":[{"start":{"line":192,"column":2},"end":{"line":195,"column":3}}]},"21":{"type":"branch","line":198,"loc":{"start":{"line":198,"column":0},"end":{"line":256,"column":1}},"locations":[{"start":{"line":198,"column":0},"end":{"line":256,"column":1}}]},"22":{"type":"branch","line":199,"loc":{"start":{"line":199,"column":38},"end":{"line":255,"column":5}},"locations":[{"start":{"line":199,"column":38},"end":{"line":255,"column":5}}]},"23":{"type":"branch","line":203,"loc":{"start":{"line":203,"column":45},"end":{"line":208,"column":15}},"locations":[{"start":{"line":203,"column":45},"end":{"line":208,"column":15}}]},"24":{"type":"branch","line":208,"loc":{"start":{"line":208,"column":6},"end":{"line":219,"column":7}},"locations":[{"start":{"line":208,"column":6},"end":{"line":219,"column":7}}]},"25":{"type":"branch","line":219,"loc":{"start":{"line":219,"column":6},"end":{"line":223,"column":15}},"locations":[{"start":{"line":219,"column":6},"end":{"line":223,"column":15}}]},"26":{"type":"branch","line":223,"loc":{"start":{"line":223,"column":6},"end":{"line":234,"column":7}},"locations":[{"start":{"line":223,"column":6},"end":{"line":234,"column":7}}]},"27":{"type":"branch","line":225,"loc":{"start":{"line":225,"column":100},"end":{"line":225,"column":128}},"locations":[{"start":{"line":225,"column":100},"end":{"line":225,"column":128}}]},"28":{"type":"branch","line":235,"loc":{"start":{"line":235,"column":4},"end":{"line":254,"column":5}},"locations":[{"start":{"line":235,"column":4},"end":{"line":254,"column":5}}]},"29":{"type":"branch","line":236,"loc":{"start":{"line":236,"column":42},"end":{"line":240,"column":30}},"locations":[{"start":{"line":236,"column":42},"end":{"line":240,"column":30}}]},"30":{"type":"branch","line":240,"loc":{"start":{"line":240,"column":40},"end":{"line":242,"column":7}},"locations":[{"start":{"line":240,"column":40},"end":{"line":242,"column":7}}]},"31":{"type":"branch","line":242,"loc":{"start":{"line":242,"column":6},"end":{"line":245,"column":59}},"locations":[{"start":{"line":242,"column":6},"end":{"line":245,"column":59}}]},"32":{"type":"branch","line":245,"loc":{"start":{"line":245,"column":48},"end":{"line":245,"column":74}},"locations":[{"start":{"line":245,"column":48},"end":{"line":245,"column":74}}]},"33":{"type":"branch","line":247,"loc":{"start":{"line":247,"column":38},"end":{"line":247,"column":54}},"locations":[{"start":{"line":247,"column":38},"end":{"line":247,"column":54}}]},"34":{"type":"branch","line":258,"loc":{"start":{"line":258,"column":0},"end":{"line":261,"column":1}},"locations":[{"start":{"line":258,"column":0},"end":{"line":261,"column":1}}]},"35":{"type":"branch","line":263,"loc":{"start":{"line":263,"column":0},"end":{"line":268,"column":1}},"locations":[{"start":{"line":263,"column":0},"end":{"line":268,"column":1}}]},"36":{"type":"branch","line":265,"loc":{"start":{"line":265,"column":26},"end":{"line":265,"column":38}},"locations":[{"start":{"line":265,"column":26},"end":{"line":265,"column":38}}]},"37":{"type":"branch","line":265,"loc":{"start":{"line":265,"column":33},"end":{"line":268,"column":1}},"locations":[{"start":{"line":265,"column":33},"end":{"line":268,"column":1}}]},"38":{"type":"branch","line":270,"loc":{"start":{"line":270,"column":0},"end":{"line":273,"column":1}},"locations":[{"start":{"line":270,"column":0},"end":{"line":273,"column":1}}]},"39":{"type":"branch","line":275,"loc":{"start":{"line":275,"column":7},"end":{"line":305,"column":1}},"locations":[{"start":{"line":275,"column":7},"end":{"line":305,"column":1}}]},"40":{"type":"branch","line":278,"loc":{"start":{"line":278,"column":9},"end":{"line":278,"column":36}},"locations":[{"start":{"line":278,"column":9},"end":{"line":278,"column":36}}]},"41":{"type":"branch","line":280,"loc":{"start":{"line":280,"column":33},"end":{"line":280,"column":60}},"locations":[{"start":{"line":280,"column":33},"end":{"line":280,"column":60}}]},"42":{"type":"branch","line":307,"loc":{"start":{"line":307,"column":7},"end":{"line":333,"column":1}},"locations":[{"start":{"line":307,"column":7},"end":{"line":333,"column":1}}]},"43":{"type":"branch","line":315,"loc":{"start":{"line":315,"column":23},"end":{"line":316,"column":44}},"locations":[{"start":{"line":315,"column":23},"end":{"line":316,"column":44}}]},"44":{"type":"branch","line":316,"loc":{"start":{"line":316,"column":40},"end":{"line":317,"column":9}},"locations":[{"start":{"line":316,"column":40},"end":{"line":317,"column":9}}]},"45":{"type":"branch","line":312,"loc":{"start":{"line":312,"column":37},"end":{"line":312,"column":48}},"locations":[{"start":{"line":312,"column":37},"end":{"line":312,"column":48}}]},"46":{"type":"branch","line":313,"loc":{"start":{"line":313,"column":31},"end":{"line":313,"column":42}},"locations":[{"start":{"line":313,"column":31},"end":{"line":313,"column":42}}]},"47":{"type":"branch","line":646,"loc":{"start":{"line":646,"column":0},"end":{"line":703,"column":1}},"locations":[{"start":{"line":646,"column":0},"end":{"line":703,"column":1}}]},"48":{"type":"branch","line":655,"loc":{"start":{"line":655,"column":31},"end":{"line":692,"column":3}},"locations":[{"start":{"line":655,"column":31},"end":{"line":692,"column":3}}]},"49":{"type":"branch","line":656,"loc":{"start":{"line":656,"column":23},"end":{"line":670,"column":5}},"locations":[{"start":{"line":656,"column":23},"end":{"line":670,"column":5}}]},"50":{"type":"branch","line":659,"loc":{"start":{"line":659,"column":6},"end":{"line":661,"column":7}},"locations":[{"start":{"line":659,"column":6},"end":{"line":661,"column":7}}]},"51":{"type":"branch","line":662,"loc":{"start":{"line":662,"column":30},"end":{"line":668,"column":11}},"locations":[{"start":{"line":662,"column":30},"end":{"line":668,"column":11}}]},"52":{"type":"branch","line":671,"loc":{"start":{"line":671,"column":38},"end":{"line":692,"column":3}},"locations":[{"start":{"line":671,"column":38},"end":{"line":692,"column":3}}]},"53":{"type":"branch","line":674,"loc":{"start":{"line":674,"column":4},"end":{"line":678,"column":5}},"locations":[{"start":{"line":674,"column":4},"end":{"line":678,"column":5}}]},"54":{"type":"branch","line":682,"loc":{"start":{"line":682,"column":50},"end":{"line":684,"column":9}},"locations":[{"start":{"line":682,"column":50},"end":{"line":684,"column":9}}]},"55":{"type":"branch","line":687,"loc":{"start":{"line":687,"column":4},"end":{"line":691,"column":5}},"locations":[{"start":{"line":687,"column":4},"end":{"line":691,"column":5}}]},"56":{"type":"branch","line":692,"loc":{"start":{"line":692,"column":2},"end":{"line":699,"column":4}},"locations":[{"start":{"line":692,"column":2},"end":{"line":699,"column":4}}]},"57":{"type":"branch","line":701,"loc":{"start":{"line":701,"column":29},"end":{"line":703,"column":1}},"locations":[{"start":{"line":701,"column":29},"end":{"line":703,"column":1}}]},"58":{"type":"branch","line":652,"loc":{"start":{"line":652,"column":45},"end":{"line":652,"column":73}},"locations":[{"start":{"line":652,"column":45},"end":{"line":652,"column":73}}]},"59":{"type":"branch","line":653,"loc":{"start":{"line":653,"column":39},"end":{"line":653,"column":67}},"locations":[{"start":{"line":653,"column":39},"end":{"line":653,"column":67}}]},"60":{"type":"branch","line":682,"loc":{"start":{"line":682,"column":27},"end":{"line":682,"column":47}},"locations":[{"start":{"line":682,"column":27},"end":{"line":682,"column":47}}]},"61":{"type":"branch","line":705,"loc":{"start":{"line":705,"column":0},"end":{"line":764,"column":1}},"locations":[{"start":{"line":705,"column":0},"end":{"line":764,"column":1}}]},"62":{"type":"branch","line":708,"loc":{"start":{"line":708,"column":30},"end":{"line":710,"column":3}},"locations":[{"start":{"line":708,"column":30},"end":{"line":710,"column":3}}]},"63":{"type":"branch","line":710,"loc":{"start":{"line":710,"column":2},"end":{"line":764,"column":1}},"locations":[{"start":{"line":710,"column":2},"end":{"line":764,"column":1}}]}},"b":{"0":[8],"1":[16],"2":[15],"3":[7],"4":[9],"5":[0],"6":[14],"7":[443],"8":[262],"9":[181],"10":[0],"11":[181],"12":[84],"13":[97],"14":[292],"15":[97],"16":[14],"17":[11],"18":[6],"19":[0],"20":[0],"21":[21],"22":[21],"23":[20],"24":[0],"25":[20],"26":[1],"27":[0],"28":[2],"29":[1],"30":[1],"31":[0],"32":[0],"33":[0],"34":[5],"35":[6],"36":[4],"37":[2],"38":[5],"39":[2],"40":[4],"41":[4],"42":[2],"43":[1],"44":[1],"45":[4],"46":[4],"47":[4],"48":[2],"49":[1],"50":[0],"51":[0],"52":[1],"53":[0],"54":[0],"55":[0],"56":[3],"57":[3],"58":[7],"59":[8],"60":[2],"61":[3],"62":[1],"63":[2]},"fnMap":{"0":{"name":"ensureProjectDirs","decl":{"start":{"line":118,"column":0},"end":{"line":123,"column":1}},"loc":{"start":{"line":118,"column":0},"end":{"line":123,"column":1}},"line":118},"1":{"name":"exists","decl":{"start":{"line":125,"column":0},"end":{"line":136,"column":1}},"loc":{"start":{"line":125,"column":0},"end":{"line":136,"column":1}},"line":125},"2":{"name":"stableStringify","decl":{"start":{"line":138,"column":7},"end":{"line":151,"column":1}},"loc":{"start":{"line":138,"column":7},"end":{"line":151,"column":1}},"line":138},"3":{"name":"sort","decl":{"start":{"line":140,"column":2},"end":{"line":149,"column":3}},"loc":{"start":{"line":140,"column":2},"end":{"line":149,"column":3}},"line":140},"4":{"name":"computeCommitId","decl":{"start":{"line":153,"column":7},"end":{"line":164,"column":1}},"loc":{"start":{"line":153,"column":7},"end":{"line":164,"column":1}},"line":153},"5":{"name":"logError","decl":{"start":{"line":166,"column":0},"end":{"line":196,"column":1}},"loc":{"start":{"line":166,"column":0},"end":{"line":196,"column":1}},"line":166},"6":{"name":"loadSpec","decl":{"start":{"line":198,"column":0},"end":{"line":256,"column":1}},"loc":{"start":{"line":198,"column":0},"end":{"line":256,"column":1}},"line":198},"7":{"name":"saveSpec","decl":{"start":{"line":258,"column":0},"end":{"line":261,"column":1}},"loc":{"start":{"line":258,"column":0},"end":{"line":261,"column":1}},"line":258},"8":{"name":"loadState","decl":{"start":{"line":263,"column":0},"end":{"line":268,"column":1}},"loc":{"start":{"line":263,"column":0},"end":{"line":268,"column":1}},"line":263},"9":{"name":"saveState","decl":{"start":{"line":270,"column":0},"end":{"line":273,"column":1}},"loc":{"start":{"line":270,"column":0},"end":{"line":273,"column":1}},"line":270},"10":{"name":"renderPrePrompt","decl":{"start":{"line":275,"column":7},"end":{"line":305,"column":1}},"loc":{"start":{"line":275,"column":7},"end":{"line":305,"column":1}},"line":275},"11":{"name":"renderPostPrompt","decl":{"start":{"line":307,"column":7},"end":{"line":333,"column":1}},"loc":{"start":{"line":307,"column":7},"end":{"line":333,"column":1}},"line":307},"12":{"name":"renderAgentBrief","decl":{"start":{"line":351,"column":7},"end":{"line":558,"column":1}},"loc":{"start":{"line":351,"column":7},"end":{"line":558,"column":1}},"line":351},"13":{"name":"renderAgentBriefJson","decl":{"start":{"line":572,"column":7},"end":{"line":605,"column":1}},"loc":{"start":{"line":572,"column":7},"end":{"line":605,"column":1}},"line":572},"14":{"name":"recordEvent","decl":{"start":{"line":607,"column":0},"end":{"line":634,"column":1}},"loc":{"start":{"line":607,"column":0},"end":{"line":634,"column":1}},"line":607},"15":{"name":"applyDeltaObject","decl":{"start":{"line":646,"column":0},"end":{"line":703,"column":1}},"loc":{"start":{"line":646,"column":0},"end":{"line":703,"column":1}},"line":646},"16":{"name":"initProject","decl":{"start":{"line":705,"column":0},"end":{"line":764,"column":1}},"loc":{"start":{"line":705,"column":0},"end":{"line":764,"column":1}},"line":705}},"f":{"0":8,"1":16,"2":14,"3":443,"4":14,"5":11,"6":21,"7":5,"8":6,"9":5,"10":2,"11":2,"12":0,"13":0,"14":0,"15":4,"16":3}}
,"C:\\Users\\mrb\\Desktop\\ctdd\\src\\errors.ts": {"path":"C:\\Users\\mrb\\Desktop\\ctdd\\src\\errors.ts","all":false,"statementMap":{"1":{"start":{"line":2,"column":0},"end":{"line":2,"column":27}},"3":{"start":{"line":4,"column":0},"end":{"line":4,"column":25}},"4":{"start":{"line":5,"column":0},"end":{"line":5,"column":23}},"5":{"start":{"line":6,"column":0},"end":{"line":6,"column":28}},"6":{"start":{"line":7,"column":0},"end":{"line":7,"column":28}},"9":{"start":{"line":10,"column":0},"end":{"line":10,"column":29}},"10":{"start":{"line":11,"column":0},"end":{"line":11,"column":34}},"11":{"start":{"line":12,"column":0},"end":{"line":12,"column":25}},"12":{"start":{"line":13,"column":0},"end":{"line":13,"column":32}},"13":{"start":{"line":14,"column":0},"end":{"line":14,"column":32}},"16":{"start":{"line":17,"column":0},"end":{"line":17,"column":28}},"17":{"start":{"line":18,"column":0},"end":{"line":18,"column":29}},"18":{"start":{"line":19,"column":0},"end":{"line":19,"column":35}},"19":{"start":{"line":20,"column":0},"end":{"line":20,"column":38}},"20":{"start":{"line":21,"column":0},"end":{"line":21,"column":32}},"21":{"start":{"line":22,"column":0},"end":{"line":22,"column":34}},"22":{"start":{"line":23,"column":0},"end":{"line":23,"column":28}},"25":{"start":{"line":26,"column":0},"end":{"line":26,"column":33}},"26":{"start":{"line":27,"column":0},"end":{"line":27,"column":34}},"27":{"start":{"line":28,"column":0},"end":{"line":28,"column":35}},"30":{"start":{"line":31,"column":0},"end":{"line":31,"column":30}},"31":{"start":{"line":32,"column":0},"end":{"line":32,"column":36}},"34":{"start":{"line":35,"column":0},"end":{"line":35,"column":32}},"35":{"start":{"line":36,"column":0},"end":{"line":36,"column":23}},"36":{"start":{"line":37,"column":0},"end":{"line":37,"column":11}},"40":{"start":{"line":41,"column":0},"end":{"line":41,"column":38}},"41":{"start":{"line":42,"column":0},"end":{"line":42,"column":34}},"42":{"start":{"line":43,"column":0},"end":{"line":43,"column":48}},"43":{"start":{"line":44,"column":0},"end":{"line":44,"column":41}},"45":{"start":{"line":46,"column":0},"end":{"line":46,"column":14}},"46":{"start":{"line":47,"column":0},"end":{"line":47,"column":20}},"47":{"start":{"line":48,"column":0},"end":{"line":48,"column":20}},"48":{"start":{"line":49,"column":0},"end":{"line":49,"column":34}},"49":{"start":{"line":50,"column":0},"end":{"line":50,"column":26}},"50":{"start":{"line":51,"column":0},"end":{"line":51,"column":5}},"51":{"start":{"line":52,"column":0},"end":{"line":52,"column":19}},"52":{"start":{"line":53,"column":0},"end":{"line":53,"column":28}},"53":{"start":{"line":54,"column":0},"end":{"line":54,"column":21}},"54":{"start":{"line":55,"column":0},"end":{"line":55,"column":27}},"55":{"start":{"line":56,"column":0},"end":{"line":56,"column":35}},"58":{"start":{"line":59,"column":0},"end":{"line":59,"column":34}},"59":{"start":{"line":60,"column":0},"end":{"line":60,"column":47}},"60":{"start":{"line":61,"column":0},"end":{"line":61,"column":5}},"61":{"start":{"line":62,"column":0},"end":{"line":62,"column":3}},"63":{"start":{"line":64,"column":0},"end":{"line":64,"column":22}},"64":{"start":{"line":65,"column":0},"end":{"line":65,"column":50}},"66":{"start":{"line":67,"column":0},"end":{"line":67,"column":23}},"67":{"start":{"line":68,"column":0},"end":{"line":68,"column":53}},"68":{"start":{"line":69,"column":0},"end":{"line":69,"column":50}},"69":{"start":{"line":70,"column":0},"end":{"line":70,"column":20}},"70":{"start":{"line":71,"column":0},"end":{"line":71,"column":43}},"71":{"start":{"line":72,"column":0},"end":{"line":72,"column":5}},"73":{"start":{"line":74,"column":0},"end":{"line":74,"column":58}},"74":{"start":{"line":75,"column":0},"end":{"line":75,"column":86}},"75":{"start":{"line":76,"column":0},"end":{"line":76,"column":5}},"77":{"start":{"line":78,"column":0},"end":{"line":78,"column":18}},"78":{"start":{"line":79,"column":0},"end":{"line":79,"column":3}},"80":{"start":{"line":81,"column":0},"end":{"line":81,"column":12}},"81":{"start":{"line":82,"column":0},"end":{"line":82,"column":12}},"82":{"start":{"line":83,"column":0},"end":{"line":83,"column":22}},"83":{"start":{"line":84,"column":0},"end":{"line":84,"column":28}},"84":{"start":{"line":85,"column":0},"end":{"line":85,"column":22}},"85":{"start":{"line":86,"column":0},"end":{"line":86,"column":28}},"86":{"start":{"line":87,"column":0},"end":{"line":87,"column":36}},"87":{"start":{"line":88,"column":0},"end":{"line":88,"column":23}},"88":{"start":{"line":89,"column":0},"end":{"line":89,"column":6}},"89":{"start":{"line":90,"column":0},"end":{"line":90,"column":3}},"90":{"start":{"line":91,"column":0},"end":{"line":91,"column":1}},"93":{"start":{"line":94,"column":0},"end":{"line":94,"column":50}},"94":{"start":{"line":95,"column":0},"end":{"line":95,"column":33}},"95":{"start":{"line":96,"column":0},"end":{"line":96,"column":10}},"96":{"start":{"line":97,"column":0},"end":{"line":97,"column":46}},"97":{"start":{"line":98,"column":0},"end":{"line":98,"column":32}},"98":{"start":{"line":99,"column":0},"end":{"line":99,"column":19}},"99":{"start":{"line":100,"column":0},"end":{"line":100,"column":7}},"100":{"start":{"line":101,"column":0},"end":{"line":101,"column":55}},"101":{"start":{"line":102,"column":0},"end":{"line":102,"column":52}},"102":{"start":{"line":103,"column":0},"end":{"line":103,"column":43}},"103":{"start":{"line":104,"column":0},"end":{"line":104,"column":7}},"104":{"start":{"line":105,"column":0},"end":{"line":105,"column":6}},"105":{"start":{"line":106,"column":0},"end":{"line":106,"column":3}},"106":{"start":{"line":107,"column":0},"end":{"line":107,"column":1}},"108":{"start":{"line":109,"column":0},"end":{"line":109,"column":51}},"109":{"start":{"line":110,"column":0},"end":{"line":110,"column":52}},"110":{"start":{"line":111,"column":0},"end":{"line":111,"column":10}},"111":{"start":{"line":112,"column":0},"end":{"line":112,"column":60}},"112":{"start":{"line":113,"column":0},"end":{"line":113,"column":32}},"113":{"start":{"line":114,"column":0},"end":{"line":114,"column":30}},"114":{"start":{"line":115,"column":0},"end":{"line":115,"column":7}},"115":{"start":{"line":116,"column":0},"end":{"line":116,"column":47}},"116":{"start":{"line":117,"column":0},"end":{"line":117,"column":56}},"117":{"start":{"line":118,"column":0},"end":{"line":118,"column":48}},"118":{"start":{"line":119,"column":0},"end":{"line":119,"column":7}},"119":{"start":{"line":120,"column":0},"end":{"line":120,"column":6}},"120":{"start":{"line":121,"column":0},"end":{"line":121,"column":3}},"121":{"start":{"line":122,"column":0},"end":{"line":122,"column":1}},"123":{"start":{"line":124,"column":0},"end":{"line":124,"column":54}},"124":{"start":{"line":125,"column":0},"end":{"line":125,"column":51}},"125":{"start":{"line":126,"column":0},"end":{"line":126,"column":10}},"126":{"start":{"line":127,"column":0},"end":{"line":127,"column":70}},"127":{"start":{"line":128,"column":0},"end":{"line":128,"column":36}},"128":{"start":{"line":129,"column":0},"end":{"line":129,"column":29}},"129":{"start":{"line":130,"column":0},"end":{"line":130,"column":7}},"130":{"start":{"line":131,"column":0},"end":{"line":131,"column":47}},"131":{"start":{"line":132,"column":0},"end":{"line":132,"column":49}},"132":{"start":{"line":133,"column":0},"end":{"line":133,"column":41}},"133":{"start":{"line":134,"column":0},"end":{"line":134,"column":7}},"134":{"start":{"line":135,"column":0},"end":{"line":135,"column":6}},"135":{"start":{"line":136,"column":0},"end":{"line":136,"column":3}},"136":{"start":{"line":137,"column":0},"end":{"line":137,"column":1}},"138":{"start":{"line":139,"column":0},"end":{"line":139,"column":50}},"139":{"start":{"line":140,"column":0},"end":{"line":140,"column":60}},"140":{"start":{"line":141,"column":0},"end":{"line":141,"column":10}},"141":{"start":{"line":142,"column":0},"end":{"line":142,"column":74}},"142":{"start":{"line":143,"column":0},"end":{"line":143,"column":39}},"143":{"start":{"line":144,"column":0},"end":{"line":144,"column":38}},"144":{"start":{"line":145,"column":0},"end":{"line":145,"column":7}},"145":{"start":{"line":146,"column":0},"end":{"line":146,"column":35}},"146":{"start":{"line":147,"column":0},"end":{"line":147,"column":45}},"147":{"start":{"line":148,"column":0},"end":{"line":148,"column":58}},"148":{"start":{"line":149,"column":0},"end":{"line":149,"column":7}},"149":{"start":{"line":150,"column":0},"end":{"line":150,"column":6}},"150":{"start":{"line":151,"column":0},"end":{"line":151,"column":3}},"151":{"start":{"line":152,"column":0},"end":{"line":152,"column":1}},"168":{"start":{"line":169,"column":0},"end":{"line":169,"column":36}},"169":{"start":{"line":170,"column":0},"end":{"line":170,"column":27}},"170":{"start":{"line":171,"column":0},"end":{"line":171,"column":21}},"171":{"start":{"line":172,"column":0},"end":{"line":172,"column":17}},"172":{"start":{"line":173,"column":0},"end":{"line":173,"column":18}},"173":{"start":{"line":174,"column":0},"end":{"line":174,"column":45}},"175":{"start":{"line":176,"column":0},"end":{"line":176,"column":35}},"176":{"start":{"line":177,"column":0},"end":{"line":177,"column":12}},"177":{"start":{"line":178,"column":0},"end":{"line":178,"column":16}},"178":{"start":{"line":179,"column":0},"end":{"line":179,"column":28}},"179":{"start":{"line":180,"column":0},"end":{"line":180,"column":16}},"180":{"start":{"line":181,"column":0},"end":{"line":181,"column":12}},"181":{"start":{"line":182,"column":0},"end":{"line":182,"column":6}},"182":{"start":{"line":183,"column":0},"end":{"line":183,"column":3}},"185":{"start":{"line":186,"column":0},"end":{"line":186,"column":10}},"186":{"start":{"line":187,"column":0},"end":{"line":187,"column":14}},"187":{"start":{"line":188,"column":0},"end":{"line":188,"column":12}},"188":{"start":{"line":189,"column":0},"end":{"line":189,"column":23}},"189":{"start":{"line":190,"column":0},"end":{"line":190,"column":29}},"190":{"start":{"line":191,"column":0},"end":{"line":191,"column":37}},"191":{"start":{"line":192,"column":0},"end":{"line":192,"column":24}},"192":{"start":{"line":193,"column":0},"end":{"line":193,"column":6}},"193":{"start":{"line":194,"column":0},"end":{"line":194,"column":14}},"194":{"start":{"line":195,"column":0},"end":{"line":195,"column":10}},"195":{"start":{"line":196,"column":0},"end":{"line":196,"column":4}},"196":{"start":{"line":197,"column":0},"end":{"line":197,"column":1}},"199":{"start":{"line":200,"column":0},"end":{"line":200,"column":42}},"200":{"start":{"line":201,"column":0},"end":{"line":201,"column":20}},"201":{"start":{"line":202,"column":0},"end":{"line":202,"column":23}},"202":{"start":{"line":203,"column":0},"end":{"line":203,"column":31}},"203":{"start":{"line":204,"column":0},"end":{"line":204,"column":15}},"204":{"start":{"line":205,"column":0},"end":{"line":205,"column":7}},"205":{"start":{"line":206,"column":0},"end":{"line":206,"column":22}},"206":{"start":{"line":207,"column":0},"end":{"line":207,"column":19}},"207":{"start":{"line":208,"column":0},"end":{"line":208,"column":37}},"209":{"start":{"line":210,"column":0},"end":{"line":210,"column":26}},"210":{"start":{"line":211,"column":0},"end":{"line":211,"column":22}},"211":{"start":{"line":212,"column":0},"end":{"line":212,"column":19}},"212":{"start":{"line":213,"column":0},"end":{"line":213,"column":52}},"213":{"start":{"line":214,"column":0},"end":{"line":214,"column":25}},"214":{"start":{"line":215,"column":0},"end":{"line":215,"column":8}},"215":{"start":{"line":216,"column":0},"end":{"line":216,"column":5}},"218":{"start":{"line":219,"column":0},"end":{"line":219,"column":24}},"219":{"start":{"line":220,"column":0},"end":{"line":220,"column":99}},"220":{"start":{"line":221,"column":0},"end":{"line":221,"column":31}},"221":{"start":{"line":222,"column":0},"end":{"line":222,"column":96}},"222":{"start":{"line":223,"column":0},"end":{"line":223,"column":95}},"223":{"start":{"line":224,"column":0},"end":{"line":224,"column":6}},"224":{"start":{"line":225,"column":0},"end":{"line":225,"column":3}},"225":{"start":{"line":226,"column":0},"end":{"line":226,"column":1}},"229":{"start":{"line":230,"column":0},"end":{"line":230,"column":55}},"230":{"start":{"line":231,"column":0},"end":{"line":231,"column":80}},"231":{"start":{"line":232,"column":0},"end":{"line":232,"column":10}},"232":{"start":{"line":233,"column":0},"end":{"line":233,"column":14}},"233":{"start":{"line":234,"column":0},"end":{"line":234,"column":11}},"234":{"start":{"line":235,"column":0},"end":{"line":235,"column":14}},"235":{"start":{"line":236,"column":0},"end":{"line":236,"column":7}},"236":{"start":{"line":237,"column":0},"end":{"line":237,"column":60}},"237":{"start":{"line":238,"column":0},"end":{"line":238,"column":52}},"238":{"start":{"line":239,"column":0},"end":{"line":239,"column":51}},"239":{"start":{"line":240,"column":0},"end":{"line":240,"column":7}},"240":{"start":{"line":241,"column":0},"end":{"line":241,"column":6}},"241":{"start":{"line":242,"column":0},"end":{"line":242,"column":41}},"242":{"start":{"line":243,"column":0},"end":{"line":243,"column":3}},"243":{"start":{"line":244,"column":0},"end":{"line":244,"column":1}},"245":{"start":{"line":246,"column":0},"end":{"line":246,"column":54}},"246":{"start":{"line":247,"column":0},"end":{"line":247,"column":80}},"247":{"start":{"line":248,"column":0},"end":{"line":248,"column":10}},"248":{"start":{"line":249,"column":0},"end":{"line":249,"column":14}},"249":{"start":{"line":250,"column":0},"end":{"line":250,"column":11}},"250":{"start":{"line":251,"column":0},"end":{"line":251,"column":14}},"251":{"start":{"line":252,"column":0},"end":{"line":252,"column":7}},"252":{"start":{"line":253,"column":0},"end":{"line":253,"column":53}},"253":{"start":{"line":254,"column":0},"end":{"line":254,"column":55}},"254":{"start":{"line":255,"column":0},"end":{"line":255,"column":61}},"255":{"start":{"li
[...]
,"C:\\Users\\mrb\\Desktop\\ctdd\\src\\validation.ts": {"path":"C:\\Users\\mrb\\Desktop\\ctdd\\src\\validation.ts","all":true,"statementMap":{"1":{"start":{"line":2,"column":0},"end":{"line":2,"column":76}},"10":{"start":{"line":11,"column":0},"end":{"line":11,"column":41}},"11":{"start":{"line":12,"column":0},"end":{"line":12,"column":11}},"12":{"start":{"line":13,"column":0},"end":{"line":13,"column":43}},"13":{"start":{"line":14,"column":0},"end":{"line":14,"column":23}},"14":{"start":{"line":15,"column":0},"end":{"line":15,"column":13}},"15":{"start":{"line":16,"column":0},"end":{"line":16,"column":37}},"17":{"start":{"line":18,"column":0},"end":{"line":18,"column":48}},"18":{"start":{"line":19,"column":0},"end":{"line":19,"column":25}},"19":{"start":{"line":20,"column":0},"end":{"line":20,"column":3}},"22":{"start":{"line":23,"column":0},"end":{"line":23,"column":25}},"23":{"start":{"line":24,"column":0},"end":{"line":24,"column":29}},"24":{"start":{"line":25,"column":0},"end":{"line":25,"column":25}},"25":{"start":{"line":26,"column":0},"end":{"line":26,"column":3}},"28":{"start":{"line":29,"column":0},"end":{"line":29,"column":19}},"30":{"start":{"line":31,"column":0},"end":{"line":31,"column":7}},"32":{"start":{"line":33,"column":0},"end":{"line":33,"column":29}},"33":{"start":{"line":34,"column":0},"end":{"line":34,"column":36}},"34":{"start":{"line":35,"column":0},"end":{"line":35,"column":89}},"35":{"start":{"line":36,"column":0},"end":{"line":36,"column":43}},"36":{"start":{"line":37,"column":0},"end":{"line":37,"column":9}},"37":{"start":{"line":38,"column":0},"end":{"line":38,"column":12}},"39":{"start":{"line":40,"column":0},"end":{"line":40,"column":55}},"40":{"start":{"line":41,"column":0},"end":{"line":41,"column":87}},"41":{"start":{"line":42,"column":0},"end":{"line":42,"column":43}},"42":{"start":{"line":43,"column":0},"end":{"line":43,"column":7}},"43":{"start":{"line":44,"column":0},"end":{"line":44,"column":5}},"44":{"start":{"line":45,"column":0},"end":{"line":45,"column":13}},"46":{"start":{"line":47,"column":0},"end":{"line":47,"column":24}},"47":{"start":{"line":48,"column":0},"end":{"line":48,"column":3}},"49":{"start":{"line":50,"column":0},"end":{"line":50,"column":23}},"50":{"start":{"line":51,"column":0},"end":{"line":51,"column":1}},"58":{"start":{"line":59,"column":0},"end":{"line":59,"column":79}},"59":{"start":{"line":60,"column":0},"end":{"line":60,"column":54}},"61":{"start":{"line":62,"column":0},"end":{"line":62,"column":33}},"62":{"start":{"line":63,"column":0},"end":{"line":63,"column":37}},"63":{"start":{"line":64,"column":0},"end":{"line":64,"column":51}},"64":{"start":{"line":65,"column":0},"end":{"line":65,"column":45}},"65":{"start":{"line":66,"column":0},"end":{"line":66,"column":7}},"66":{"start":{"line":67,"column":0},"end":{"line":67,"column":16}},"67":{"start":{"line":68,"column":0},"end":{"line":68,"column":22}},"68":{"start":{"line":69,"column":0},"end":{"line":69,"column":39}},"69":{"start":{"line":70,"column":0},"end":{"line":70,"column":7}},"70":{"start":{"line":71,"column":0},"end":{"line":71,"column":6}},"71":{"start":{"line":72,"column":0},"end":{"line":72,"column":3}},"72":{"start":{"line":73,"column":0},"end":{"line":73,"column":1}},"80":{"start":{"line":81,"column":0},"end":{"line":81,"column":67}},"81":{"start":{"line":82,"column":0},"end":{"line":82,"column":18}},"83":{"start":{"line":84,"column":0},"end":{"line":84,"column":7}},"84":{"start":{"line":85,"column":0},"end":{"line":85,"column":30}},"85":{"start":{"line":86,"column":0},"end":{"line":86,"column":15}},"86":{"start":{"line":87,"column":0},"end":{"line":87,"column":24}},"87":{"start":{"line":88,"column":0},"end":{"line":88,"column":95}},"88":{"start":{"line":89,"column":0},"end":{"line":89,"column":35}},"89":{"start":{"line":90,"column":0},"end":{"line":90,"column":74}},"90":{"start":{"line":91,"column":0},"end":{"line":91,"column":6}},"91":{"start":{"line":92,"column":0},"end":{"line":92,"column":3}},"94":{"start":{"line":95,"column":0},"end":{"line":95,"column":48}},"96":{"start":{"line":97,"column":0},"end":{"line":97,"column":16}},"97":{"start":{"line":98,"column":0},"end":{"line":98,"column":1}},"105":{"start":{"line":106,"column":0},"end":{"line":106,"column":31}},"106":{"start":{"line":107,"column":0},"end":{"line":107,"column":11}},"107":{"start":{"line":108,"column":0},"end":{"line":108,"column":18}},"108":{"start":{"line":109,"column":0},"end":{"line":109,"column":12}},"112":{"start":{"line":113,"column":0},"end":{"line":113,"column":8}},"113":{"start":{"line":114,"column":0},"end":{"line":114,"column":9}},"114":{"start":{"line":115,"column":0},"end":{"line":115,"column":81}},"117":{"start":{"line":118,"column":0},"end":{"line":118,"column":23}},"118":{"start":{"line":119,"column":0},"end":{"line":119,"column":47}},"119":{"start":{"line":120,"column":0},"end":{"line":120,"column":3}},"122":{"start":{"line":123,"column":0},"end":{"line":123,"column":36}},"123":{"start":{"line":124,"column":0},"end":{"line":124,"column":25}},"124":{"start":{"line":125,"column":0},"end":{"line":125,"column":24}},"125":{"start":{"line":126,"column":0},"end":{"line":126,"column":76}},"126":{"start":{"line":127,"column":0},"end":{"line":127,"column":39}},"127":{"start":{"line":128,"column":0},"end":{"line":128,"column":34}},"128":{"start":{"line":129,"column":0},"end":{"line":129,"column":6}},"129":{"start":{"line":130,"column":0},"end":{"line":130,"column":3}},"132":{"start":{"line":133,"column":0},"end":{"line":133,"column":77}},"133":{"start":{"line":134,"column":0},"end":{"line":134,"column":74}},"134":{"start":{"line":135,"column":0},"end":{"line":135,"column":35}},"135":{"start":{"line":136,"column":0},"end":{"line":136,"column":26}},"136":{"start":{"line":137,"column":0},"end":{"line":137,"column":77}},"137":{"start":{"line":138,"column":0},"end":{"line":138,"column":43}},"138":{"start":{"line":139,"column":0},"end":{"line":139,"column":50}},"139":{"start":{"line":140,"column":0},"end":{"line":140,"column":8}},"140":{"start":{"line":141,"column":0},"end":{"line":141,"column":5}},"141":{"start":{"line":142,"column":0},"end":{"line":142,"column":3}},"142":{"start":{"line":143,"column":0},"end":{"line":143,"column":1}},"150":{"start":{"line":151,"column":0},"end":{"line":151,"column":69}},"151":{"start":{"line":152,"column":0},"end":{"line":152,"column":48}},"152":{"start":{"line":153,"column":0},"end":{"line":153,"column":24}},"153":{"start":{"line":154,"column":0},"end":{"line":154,"column":3}},"155":{"start":{"line":156,"column":0},"end":{"line":156,"column":30}},"157":{"start":{"line":158,"column":0},"end":{"line":158,"column":27}},"158":{"start":{"line":159,"column":0},"end":{"line":159,"column":29}},"159":{"start":{"line":160,"column":0},"end":{"line":160,"column":59}},"160":{"start":{"line":161,"column":0},"end":{"line":161,"column":43}},"161":{"start":{"line":162,"column":0},"end":{"line":162,"column":5}},"162":{"start":{"line":163,"column":0},"end":{"line":163,"column":10}},"163":{"start":{"line":164,"column":0},"end":{"line":164,"column":45}},"164":{"start":{"line":165,"column":0},"end":{"line":165,"column":60}},"165":{"start":{"line":166,"column":0},"end":{"line":166,"column":43}},"166":{"start":{"line":167,"column":0},"end":{"line":167,"column":5}},"167":{"start":{"line":168,"column":0},"end":{"line":168,"column":3}},"169":{"start":{"line":170,"column":0},"end":{"line":170,"column":18}},"170":{"start":{"line":171,"column":0},"end":{"line":171,"column":1}}},"s":{"1":0,"10":0,"11":0,"12":0,"13":0,"14":0,"15":0,"17":0,"18":0,"19":0,"22":0,"23":0,"24":0,"25":0,"28":0,"30":0,"32":0,"33":0,"34":0,"35":0,"36":0,"37":0,"39":0,"40":0,"41":0,"42":0,"43":0,"44":0,"46":0,"47":0,"49":0,"50":0,"58":0,"59":0,"61":0,"62":0,"63":0,"64":0,"65":0,"66":0,"67":0,"68":0,"69":0,"70":0,"71":0,"72":0,"80":0,"81":0,"83":0,"84":0,"85":0,"86":0,"87":0,"88":0,"89":0,"90":0,"91":0,"94":0,"96":0,"97":0,"105":0,"106":0,"107":0,"108":0,"112":0,"113":0,"114":0,"117":0,"118":0,"119":0,"122":0,"123":0,"124":0,"125":0,"126":0,"127":0,"128":0,"129":0,"132":0,"133":0,"134":0,"135":0,"136":0,"137":0,"138":0,"139":0,"140":0,"141":0,"142":0,"150":0,"151":0,"152":0,"153":0,"155":0,"157":0,"158":0,"159":0,"160":0,"161":0,"162":0,"163":0,"164":0,"165":0,"166":0,"167":0,"169":0,"170":0},"branchMap":{"0":{"type":"branch","line":1,"loc":{"start":{"line":1,"column":4782},"end":{"line":171,"column":1}},"locations":[{"start":{"line":1,"column":4782},"end":{"line":171,"column":1}}]}},"b":{"0":[1]},"fnMap":{"0":{"name":"(empty-report)","decl":{"start":{"line":1,"column":4782},"end":{"line":171,"column":1}},"loc":{"start":{"line":1,"column":4782},"end":{"line":171,"column":1}},"line":1}},"f":{"0":1}}
,"C:\\Users\\mrb\\Desktop\\ctdd\\tests\\utils\\test-helpers.ts": {"path":"C:\\Users\\mrb\\Desktop\\ctdd\\tests\\utils\\test-helpers.ts","all":false,"statementMap":{"0":{"start":{"line":1,"column":0},"end":{"line":1,"column":28}},"1":{"start":{"line":2,"column":0},"end":{"line":2,"column":28}},"2":{"start":{"line":3,"column":0},"end":{"line":3,"column":70}},"5":{"start":{"line":6,"column":0},"end":{"line":6,"column":30}},"6":{"start":{"line":7,"column":0},"end":{"line":7,"column":30}},"7":{"start":{"line":8,"column":0},"end":{"line":8,"column":30}},"9":{"start":{"line":10,"column":0},"end":{"line":10,"column":32}},"10":{"start":{"line":11,"column":0},"end":{"line":11,"column":63}},"11":{"start":{"line":12,"column":0},"end":{"line":12,"column":47}},"12":{"start":{"line":13,"column":0},"end":{"line":13,"column":51}},"13":{"start":{"line":14,"column":0},"end":{"line":14,"column":68}},"14":{"start":{"line":15,"column":0},"end":{"line":15,"column":65}},"15":{"start":{"line":16,"column":0},"end":{"line":16,"column":3}},"17":{"start":{"line":18,"column":0},"end":{"line":18,"column":34}},"18":{"start":{"line":19,"column":0},"end":{"line":19,"column":23}},"19":{"start":{"line":20,"column":0},"end":{"line":20,"column":63}},"20":{"start":{"line":21,"column":0},"end":{"line":21,"column":5}},"21":{"start":{"line":22,"column":0},"end":{"line":22,"column":3}},"23":{"start":{"line":24,"column":0},"end":{"line":24,"column":46}},"24":{"start":{"line":25,"column":0},"end":{"line":25,"column":53}},"25":{"start":{"line":26,"column":0},"end":{"line":26,"column":70}},"26":{"start":{"line":27,"column":0},"end":{"line":27,"column":3}},"28":{"start":{"line":29,"column":0},"end":{"line":29,"column":47}},"29":{"start":{"line":30,"column":0},"end":{"line":30,"column":55}},"30":{"start":{"line":31,"column":0},"end":{"line":31,"column":72}},"31":{"start":{"line":32,"column":0},"end":{"line":32,"column":3}},"33":{"start":{"line":34,"column":0},"end":{"line":34,"column":73}},"34":{"start":{"line":35,"column":0},"end":{"line":35,"column":54}},"35":{"start":{"line":36,"column":0},"end":{"line":36,"column":48}},"36":{"start":{"line":37,"column":0},"end":{"line":37,"column":3}},"38":{"start":{"line":39,"column":0},"end":{"line":39,"column":57}},"39":{"start":{"line":40,"column":0},"end":{"line":40,"column":54}},"40":{"start":{"line":41,"column":0},"end":{"line":41,"column":45}},"41":{"start":{"line":42,"column":0},"end":{"line":42,"column":3}},"43":{"start":{"line":44,"column":0},"end":{"line":44,"column":46}},"44":{"start":{"line":45,"column":0},"end":{"line":45,"column":44}},"45":{"start":{"line":46,"column":0},"end":{"line":46,"column":3}},"46":{"start":{"line":47,"column":0},"end":{"line":47,"column":1}},"48":{"start":{"line":49,"column":0},"end":{"line":49,"column":70}},"49":{"start":{"line":50,"column":0},"end":{"line":50,"column":76}},"50":{"start":{"line":51,"column":0},"end":{"line":51,"column":55}},"51":{"start":{"line":52,"column":0},"end":{"line":52,"column":29}},"52":{"start":{"line":53,"column":0},"end":{"line":53,"column":1}},"54":{"start":{"line":55,"column":0},"end":{"line":55,"column":69}},"55":{"start":{"line":56,"column":0},"end":{"line":56,"column":10}},"56":{"start":{"line":57,"column":0},"end":{"line":57,"column":17}},"57":{"start":{"line":58,"column":0},"end":{"line":58,"column":35}},"58":{"start":{"line":59,"column":0},"end":{"line":59,"column":33}},"59":{"start":{"line":60,"column":0},"end":{"line":60,"column":38}},"60":{"start":{"line":61,"column":0},"end":{"line":61,"column":32}},"61":{"start":{"line":62,"column":0},"end":{"line":62,"column":32}},"62":{"start":{"line":63,"column":0},"end":{"line":63,"column":43}},"63":{"start":{"line":64,"column":0},"end":{"line":64,"column":36}},"64":{"start":{"line":65,"column":0},"end":{"line":65,"column":23}},"65":{"start":{"line":66,"column":0},"end":{"line":66,"column":6}},"66":{"start":{"line":67,"column":0},"end":{"line":67,"column":17}},"67":{"start":{"line":68,"column":0},"end":{"line":68,"column":45}},"68":{"start":{"line":69,"column":0},"end":{"line":69,"column":40}},"69":{"start":{"line":70,"column":0},"end":{"line":70,"column":6}},"70":{"start":{"line":71,"column":0},"end":{"line":71,"column":11}},"71":{"start":{"line":72,"column":0},"end":{"line":72,"column":41}},"72":{"start":{"line":73,"column":0},"end":{"line":73,"column":41}},"73":{"start":{"line":74,"column":0},"end":{"line":74,"column":6}},"74":{"start":{"line":75,"column":0},"end":{"line":75,"column":16}},"75":{"start":{"line":76,"column":0},"end":{"line":76,"column":4}},"76":{"start":{"line":77,"column":0},"end":{"line":77,"column":1}},"78":{"start":{"line":79,"column":0},"end":{"line":79,"column":61}},"80":{"start":{"line":81,"column":0},"end":{"line":81,"column":50}},"81":{"start":{"line":82,"column":0},"end":{"line":82,"column":32}},"82":{"start":{"line":83,"column":0},"end":{"line":83,"column":61}},"83":{"start":{"line":84,"column":0},"end":{"line":84,"column":3}},"84":{"start":{"line":85,"column":0},"end":{"line":85,"column":1}}},"s":{"0":1,"1":1,"2":1,"5":1,"6":1,"7":76,"9":1,"10":76,"11":76,"12":76,"13":76,"14":76,"15":76,"17":1,"18":76,"19":76,"20":76,"21":76,"23":1,"24":16,"25":16,"26":16,"28":1,"29":1,"30":1,"31":1,"33":1,"34":39,"35":39,"36":39,"38":1,"39":7,"40":7,"41":7,"43":1,"44":3,"45":3,"46":1,"48":5,"49":5,"50":5,"51":5,"52":5,"54":1,"55":22,"56":22,"57":22,"58":22,"59":22,"60":22,"61":22,"62":22,"63":22,"64":22,"65":22,"66":22,"67":22,"68":22,"69":22,"70":22,"71":22,"72":22,"73":22,"74":22,"75":22,"76":22,"78":1,"80":9,"81":9,"82":0,"83":0,"84":9},"branchMap":{"0":{"type":"branch","line":7,"loc":{"start":{"line":7,"column":9},"end":{"line":8,"column":30}},"locations":[{"start":{"line":7,"column":9},"end":{"line":8,"column":30}}]},"1":{"type":"branch","line":10,"loc":{"start":{"line":10,"column":2},"end":{"line":16,"column":3}},"locations":[{"start":{"line":10,"column":2},"end":{"line":16,"column":3}}]},"2":{"type":"branch","line":18,"loc":{"start":{"line":18,"column":2},"end":{"line":22,"column":3}},"locations":[{"start":{"line":18,"column":2},"end":{"line":22,"column":3}}]},"3":{"type":"branch","line":24,"loc":{"start":{"line":24,"column":2},"end":{"line":27,"column":3}},"locations":[{"start":{"line":24,"column":2},"end":{"line":27,"column":3}}]},"4":{"type":"branch","line":29,"loc":{"start":{"line":29,"column":2},"end":{"line":32,"column":3}},"locations":[{"start":{"line":29,"column":2},"end":{"line":32,"column":3}}]},"5":{"type":"branch","line":34,"loc":{"start":{"line":34,"column":2},"end":{"line":37,"column":3}},"locations":[{"start":{"line":34,"column":2},"end":{"line":37,"column":3}}]},"6":{"type":"branch","line":39,"loc":{"start":{"line":39,"column":2},"end":{"line":42,"column":3}},"locations":[{"start":{"line":39,"column":2},"end":{"line":42,"column":3}}]},"7":{"type":"branch","line":44,"loc":{"start":{"line":44,"column":2},"end":{"line":46,"column":3}},"locations":[{"start":{"line":44,"column":2},"end":{"line":46,"column":3}}]},"8":{"type":"branch","line":49,"loc":{"start":{"line":49,"column":0},"end":{"line":53,"column":1}},"locations":[{"start":{"line":49,"column":0},"end":{"line":53,"column":1}}]},"9":{"type":"branch","line":55,"loc":{"start":{"line":55,"column":7},"end":{"line":77,"column":1}},"locations":[{"start":{"line":55,"column":7},"end":{"line":77,"column":1}}]},"10":{"type":"branch","line":79,"loc":{"start":{"line":79,"column":7},"end":{"line":85,"column":1}},"locations":[{"start":{"line":79,"column":7},"end":{"line":85,"column":1}}]},"11":{"type":"branch","line":82,"loc":{"start":{"line":82,"column":31},"end":{"line":84,"column":3}},"locations":[{"start":{"line":82,"column":31},"end":{"line":84,"column":3}}]}},"b":{"0":[76],"1":[76],"2":[76],"3":[16],"4":[1],"5":[39],"6":[7],"7":[3],"8":[5],"9":[22],"10":[9],"11":[0]},"fnMap":{"0":{"name":"<instance_members_initializer>","decl":{"start":{"line":7,"column":9},"end":{"line":8,"column":30}},"loc":{"start":{"line":7,"column":9},"end":{"line":8,"column":30}},"line":7},"1":{"name":"setup","decl":{"start":{"line":10,"column":2},"end":{"line":16,"column":3}},"loc":{"start":{"line":10,"column":2},"end":{"line":16,"column":3}},"line":10},"2":{"name":"cleanup","decl":{"start":{"line":18,"column":2},"end":{"line":22,"column":3}},"loc":{"start":{"line":18,"column":2},"end":{"line":22,"column":3}},"line":18},"3":{"name":"writeSpec","decl":{"start":{"line":24,"column":2},"end":{"line":27,"column":3}},"loc":{"start":{"line":24,"column":2},"end":{"line":27,"column":3}},"line":24},"4":{"name":"writeState","decl":{"start":{"line":29,"column":2},"end":{"line":32,"column":3}},"loc":{"start":{"line":29,"column":2},"end":{"line":32,"column":3}},"line":29},"5":{"name":"writeFile","decl":{"start":{"line":34,"column":2},"end":{"line":37,"column":3}},"loc":{"start":{"line":34,"column":2},"end":{"line":37,"column":3}},"line":34},"6":{"name":"readFile","decl":{"start":{"line":39,"column":2},"end":{"line":42,"column":3}},"loc":{"start":{"line":39,"column":2},"end":{"line":42,"column":3}},"line":39},"7":{"name":"getPath","decl":{"start":{"line":44,"column":2},"end":{"line":46,"column":3}},"loc":{"start":{"line":44,"column":2},"end":{"line":46,"column":3}},"line":44},"8":{"name":"loadFixture","decl":{"start":{"line":49,"column":0},"end":{"line":53,"column":1}},"loc":{"start":{"line":49,"column":0},"end":{"line":53,"column":1}},"line":49},"9":{"name":"createMockSpec","decl":{"start":{"line":55,"column":7},"end":{"line":77,"column":1}},"loc":{"start":{"line":55,"column":7},"end":{"line":77,"column":1}},"line":55},"10":{"name":"expectValidCommitId","decl":{"start":{"line":79,"column":7},"end":{"line":85,"column":1}},"loc":{"start":{"line":79,"column":7},"end":{"line":85,"column":1}},"line":79}},"f":{"0":76,"1":76,"2":76,"3":16,"4":1,"5":39,"6":7,"7":3,"8":5,"9":22,"10":9}}
}
